[H[J
# AK BUILD FULL ------------------------------------------------------------------------------------------------



  HOSTCC  scripts/basic/fixdep
  HOSTCC  scripts/kconfig/conf.o
  SHIPPED scripts/kconfig/zconf.tab.c
  SHIPPED scripts/kconfig/lex.zconf.c
  SHIPPED scripts/kconfig/zconf.hash.c
  HOSTCC  scripts/kconfig/zconf.tab.o
  HOSTLD  scripts/kconfig/conf
#
# configuration written to .config
#
scripts/kconfig/conf --silentoldconfig Kconfig
  CHK     include/linux/version.h
  UPD     include/linux/version.h
  CHK     include/generated/utsrelease.h
  UPD     include/generated/utsrelease.h
  CC      scripts/mod/empty.o
  HOSTCC  scripts/mod/mk_elfconfig
  Generating include/generated/mach-types.h
  MKELF   scripts/mod/elfconfig.h
  HOSTCC  scripts/mod/file2alias.o
  HOSTCC  scripts/mod/modpost.o
  CC      kernel/bounds.s
  GEN     include/generated/bounds.h
  CC      arch/arm/kernel/asm-offsets.s
  HOSTCC  scripts/mod/sumversion.o
  HOSTLD  scripts/mod/modpost
  GEN     include/generated/asm-offsets.h
  CALL    scripts/checksyscalls.sh
  CC [M]  crypto/ansi_cprng.o
  CC [M]  drivers/rpmsg/rpmsg_client_sample.o
  CC [M]  drivers/scsi/scsi_wait_scan.o
  CC [M]  drivers/rpmsg/rpmsg_server_sample.o
  Building modules, stage 2.
  MODPOST 4 modules
  CC      crypto/ansi_cprng.mod.o
  CC      drivers/rpmsg/rpmsg_server_sample.mod.o
  CC      drivers/scsi/scsi_wait_scan.mod.o
  CC      drivers/rpmsg/rpmsg_client_sample.mod.o
  LD [M]  crypto/ansi_cprng.ko
  LD [M]  drivers/rpmsg/rpmsg_client_sample.ko
  LD [M]  drivers/scsi/scsi_wait_scan.ko
  LD [M]  drivers/rpmsg/rpmsg_server_sample.ko

"/root/android/AK-Kernel/AK-ramdisk/cwm/system/lib/modules/ansi_cprng.ko" rimosso
"/root/android/AK-Kernel/AK-ramdisk/cwm/system/lib/modules/rpmsg_client_sample.ko" rimosso
"/root/android/AK-Kernel/AK-ramdisk/cwm/system/lib/modules/rpmsg_server_sample.ko" rimosso
"/root/android/AK-Kernel/AK-ramdisk/cwm/system/lib/modules/scsi_wait_scan.ko" rimosso
"/root/android/AK-Kernel/AK-berserk/drivers/scsi/scsi_wait_scan.ko" -> "/root/android/AK-Kernel/AK-ramdisk/cwm/system/lib/modules/scsi_wait_scan.ko"
"/root/android/AK-Kernel/AK-berserk/drivers/rpmsg/rpmsg_server_sample.ko" -> "/root/android/AK-Kernel/AK-ramdisk/cwm/system/lib/modules/rpmsg_server_sample.ko"
"/root/android/AK-Kernel/AK-berserk/drivers/rpmsg/rpmsg_client_sample.ko" -> "/root/android/AK-Kernel/AK-ramdisk/cwm/system/lib/modules/rpmsg_client_sample.ko"
"/root/android/AK-Kernel/AK-berserk/crypto/ansi_cprng.ko" -> "/root/android/AK-Kernel/AK-ramdisk/cwm/system/lib/modules/ansi_cprng.ko"

  CHK     include/linux/version.h
  CHK     include/generated/utsrelease.h
make[1]: "include/generated/mach-types.h" è aggiornato.
  CALL    scripts/checksyscalls.sh
  CC      init/main.o
  HOSTCC  usr/gen_init_cpio
  CC      arch/arm/vfp/vfpmodule.o
  CC      arch/arm/kernel/elf.o
  AS      arch/arm/kernel/entry-armv.o
  AS      arch/arm/vfp/entry.o
  GEN     usr/initramfs_data.cpio
  AS      arch/arm/kernel/entry-common.o
  AS      usr/initramfs_data.o
  AS      arch/arm/vfp/vfphw.o
  CC      arch/arm/kernel/irq.o
  LD      usr/built-in.o
  CHK     include/generated/compile.h
  CC      arch/arm/vfp/vfpsingle.o
  UPD     include/generated/compile.h
  CC      init/do_mounts.o
  CC      arch/arm/kernel/process.o
  CC      arch/arm/vfp/vfpdouble.o
  LD      arch/arm/vfp/vfp.o
  LD      arch/arm/vfp/built-in.o
  CC      arch/arm/mm/dma-mapping.o
  CC      init/do_mounts_rd.o
  CC      arch/arm/kernel/ptrace.o
  CC      arch/arm/kernel/return_address.o
  CC      arch/arm/mm/extable.o
  CC      init/do_mounts_initrd.o
  CC      init/initramfs.o
  CC      arch/arm/kernel/setup.o
  CC      arch/arm/mm/fault.o
  CC      init/calibrate.o
  CC      init/version.o
  CC      arch/arm/mm/init.o
  LD      init/mounts.o
  LD      init/built-in.o
  CC      arch/arm/kernel/signal.o
  CC      arch/arm/common/gic.o
  AS      arch/arm/crypto/aes-armv4.o
  CC      arch/arm/crypto/aes_glue.o
  AS      arch/arm/crypto/sha1-armv4-large.o
  CC      arch/arm/crypto/sha1_glue.o
  AS      arch/arm/common/fiq_glue.o
  CC      arch/arm/mm/iomap.o
  CC      arch/arm/common/fiq_glue_setup.o
  LD      arch/arm/crypto/aes-arm.o
  LD      arch/arm/crypto/sha1-arm.o
  CC      arch/arm/kernel/sys_arm.o
  LD      arch/arm/crypto/built-in.o
  CC      arch/arm/common/fiq_debugger.o
  CC      arch/arm/mach-omap2/id.o
  CC      arch/arm/mm/fault-armv.o
  CC      arch/arm/kernel/stacktrace.o
  CC      arch/arm/mach-omap2/io.o
  CC      arch/arm/mm/flush.o
  CC      arch/arm/kernel/time.o
  LD      arch/arm/common/built-in.o
  CC      arch/arm/plat-omap/common.o
  CC      arch/arm/mach-omap2/control.o
  CC      arch/arm/mm/idmap.o
  CC      arch/arm/kernel/traps.o
  CC      arch/arm/mm/ioremap.o
  CC      arch/arm/plat-omap/sram.o
  CC      arch/arm/mach-omap2/mux.o
  CC      arch/arm/mm/mmap.o
  CC      arch/arm/kernel/fiq.o
  CC      arch/arm/plat-omap/clock.o
  AS      arch/arm/kernel/fiqasm.o
  CC      arch/arm/mm/pgd.o
  CC      arch/arm/kernel/armksyms.o
  CC      arch/arm/mm/mmu.o
  CC      arch/arm/mach-omap2/devices.o
  CC      arch/arm/plat-omap/devices.o
  CC      arch/arm/kernel/module.o
  CC      arch/arm/mm/vmregion.o
  AS      arch/arm/kernel/sleep.o
  CC      arch/arm/kernel/sched_clock.o
  CC      arch/arm/mm/proc-syms.o
  CC      arch/arm/plat-omap/dma.o
  CC      arch/arm/kernel/smp.o
  CC      arch/arm/mach-omap2/serial.o
  CC      arch/arm/mm/alignment.o
  CC      arch/arm/mach-omap2/gpmc.o
  CC      arch/arm/mm/highmem.o
  CC      arch/arm/kernel/smp_tlb.o
  CC      arch/arm/kernel/smp_scu.o
  AS      arch/arm/mm/abort-ev7.o
  CC      arch/arm/mach-omap2/timer-gp.o
  CC      arch/arm/plat-omap/mux.o
  AS      arch/arm/mm/pabort-v7.o
  CC      arch/arm/kernel/smp_twd.o
  AS      arch/arm/mm/cache-v7.o
  CC      arch/arm/plat-omap/usb.o
  CC      arch/arm/mm/copypage-v6.o
  CC      arch/arm/mach-omap2/pm.o
  CC      arch/arm/kernel/sys_oabi-compat.o
  CC      arch/arm/plat-omap/fb.o
  CC      arch/arm/mm/context.o
  CC      arch/arm/mach-omap2/common.o
  CC      arch/arm/plat-omap/io.o
  AS      arch/arm/mm/tlb-v7.o
  AS      arch/arm/mm/proc-v7.o
  CC      arch/arm/mach-omap2/gpio.o
  CC      arch/arm/plat-omap/counter_32k.o
  CC      arch/arm/mm/cache-l2x0.o
  CC      arch/arm/kernel/thumbee.o
  CC      arch/arm/kernel/unwind.o
  CC      arch/arm/plat-omap/omap_device.o
  CC      arch/arm/mach-omap2/dma.o
  LD      arch/arm/mm/built-in.o
  CC      arch/arm/mach-omap2/wd_timer.o
  CC      arch/arm/kernel/swp_emulate.o
  CC      arch/arm/kernel/hw_breakpoint.o
  CC      arch/arm/mach-omap2/omap_pmic.o
  CC      arch/arm/mach-omap2/dmtimer.o
  CC      kernel/sched.o
  CC      arch/arm/plat-omap/rproc_user.o
  CC      arch/arm/mach-omap2/i2c.o
  CC      arch/arm/plat-omap/mcbsp.o
  CC      arch/arm/kernel/pmu.o
  CC      arch/arm/mach-omap2/prm44xx.o
  CC      arch/arm/plat-omap/omap_rpmsg.o
  CC      arch/arm/kernel/perf_event.o
  CC      arch/arm/mach-omap2/omap_hwmod.o
  CC      arch/arm/plat-omap/iommu.o
  CC      arch/arm/kernel/topology.o
  CC      arch/arm/plat-omap/iovmm.o
  CC      arch/arm/mach-omap2/omap_hwmod_common_data.o
  CC      arch/arm/kernel/io.o
  AS      arch/arm/mach-omap2/omap-smc.o
  CC      arch/arm/mach-omap2/omap-secure.o
  AS      arch/arm/kernel/head.o
  CC      arch/arm/kernel/init_task.o
  CC      arch/arm/mach-omap2/emif.o
  CC      arch/arm/plat-omap/dmtimer.o
  LDS     arch/arm/kernel/vmlinux.lds
  LD      arch/arm/kernel/built-in.o
  CC      kernel/fork.o
  CC      arch/arm/plat-omap/i2c.o
  CC      arch/arm/mach-omap2/lpddr2_jedec_data.o
  CC      arch/arm/mach-omap2/lpddr2_elpida_data.o
  CC      arch/arm/mach-omap2/mcbsp.o
  CC      arch/arm/plat-omap/mailbox.o
  CC      arch/arm/mach-omap2/omap_twl.o
  CC      arch/arm/plat-omap/omap-pm-interface.o
  CC      arch/arm/mach-omap2/omap_tps6236x.o
  CC      arch/arm/plat-omap/omap-pm-helper.o
  CC      mm/filemap.o
  CC      arch/arm/mach-omap2/temp_sensor_device.o
  LD      arch/arm/plat-omap/built-in.o
  CC      fs/open.o
  CC      arch/arm/mach-omap2/omap-smp.o
  AS      arch/arm/mach-omap2/omap-headsmp.o
  CC      arch/arm/mach-omap2/timer-mpu.o
  CC      arch/arm/mach-omap2/omap-hotplug.o
  CC      arch/arm/mach-omap2/omap4-common.o
  CC      fs/read_write.o
  CC      arch/arm/mach-omap2/omap-wakeupgen.o
  CC      mm/mempool.o
  CC      arch/arm/mach-omap2/mux44xx.o
  CC      arch/arm/mach-omap2/opp.o
  CC      fs/file_table.o
  CC      mm/oom_kill.o
  CC      arch/arm/mach-omap2/opp4xxx_data.o
  CC      arch/arm/mach-omap2/omap2plus-cpufreq.o
  CC      fs/super.o
  CC      mm/fadvise.o
  CC      arch/arm/mach-omap2/pm44xx.o
  CC      mm/maccess.o
  CC      kernel/exec_domain.o
  CC      mm/page_alloc.o
  CC      kernel/panic.o
  CC      fs/char_dev.o
  CC      kernel/printk.o
  CC      arch/arm/mach-omap2/omap4-mpuss-lowpower.o
  CC      fs/stat.o
  AS      arch/arm/mach-omap2/sleep44xx.o
  CC      arch/arm/mach-omap2/cpuidle44xx.o
  CC      fs/exec.o
  CC      kernel/cpu.o
  CC      arch/arm/mach-omap2/resetreason.o
  CC      arch/arm/mach-omap2/pm-debug.o
  CC      kernel/exit.o
  CC      mm/page-writeback.o
  CC      fs/pipe.o
  CC      arch/arm/mach-omap2/prcm-debug.o
  CC      arch/arm/mach-omap2/sr_device.o
  CC      kernel/itimer.o
  CC      arch/arm/mach-omap2/smartreflex.o
  CC      fs/namei.o
  CC      mm/readahead.o
  TIMEC   kernel/timeconst.h
  CC      mm/swap.o
  CC      arch/arm/mach-omap2/smartreflex-class3.o
  CC      kernel/softirq.o
  CC      arch/arm/mach-omap2/smartreflex-class1p5.o
  CC      arch/arm/mach-omap2/prcm.o
  CC      mm/truncate.o
  CC      arch/arm/mach-omap2/cm2xxx_3xxx.o
  CC      kernel/resource.o
  CC      arch/arm/mach-omap2/cminst44xx.o
  CC      fs/fcntl.o
  CC      mm/vmscan.o
  CC      arch/arm/mach-omap2/cm44xx.o
  CC      arch/arm/mach-omap2/prcm_mpu44xx.o
  CC      fs/ioctl.o
  CC      kernel/sysctl.o
  CC      arch/arm/mach-omap2/prminst44xx.o
  CC      arch/arm/mach-omap2/vc44xx_data.o
  CC      fs/readdir.o
  CC      arch/arm/mach-omap2/vp44xx_data.o
  CC      arch/arm/mach-omap2/omap4-sar.o
  CC      fs/select.o
  CC      arch/arm/mach-omap2/voltage.o
  CC      kernel/sysctl_binary.o
  CC      arch/arm/mach-omap2/vc.o
  CC      fs/fifo.o
  CC      arch/arm/mach-omap2/vp.o
  CC      fs/dcache.o
  CC      kernel/capability.o
  CC      mm/shmem.o
  CC      arch/arm/mach-omap2/voltagedomains44xx_data.o
  CC      arch/arm/mach-omap2/ldo.o
  CC      kernel/ptrace.o
  CC      arch/arm/mach-omap2/ldo4xxx_data.o
  CC      arch/arm/mach-omap2/dvfs.o
  CC      fs/inode.o
  CC      kernel/timer.o
  CC      arch/arm/mach-omap2/powerdomain.o
  CC      mm/prio_tree.o
  CC      arch/arm/mach-omap2/powerdomain-common.o
  CC      arch/arm/mach-omap2/powerdomain44xx.o
  CC      mm/util.o
  CC      fs/attr.o
  CC      arch/arm/mach-omap2/powerdomains44xx_data.o
  CC      arch/arm/mach-omap2/clockdomain.o
  CC      fs/bad_inode.o
  CC      kernel/user.o
  CC      fs/file.o
  CC      mm/mmzone.o
  CC      arch/arm/mach-omap2/clockdomain44xx.o
  CC      arch/arm/mach-omap2/clockdomains44xx_data.o
  CC      kernel/signal.o
  CC      mm/vmstat.o
  CC      arch/arm/mach-omap2/clock.o
  CC      fs/filesystems.o
  CC      fs/namespace.o
  CC      arch/arm/mach-omap2/clock_common_data.o
  CC      arch/arm/mach-omap2/clkt_dpll.o
  CC      arch/arm/mach-omap2/clkt_clksel.o
  CC      mm/backing-dev.o
  CC      arch/arm/mach-omap2/clock44xx_data.o
  CC      arch/arm/mach-omap2/dpll3xxx.o
  CC      mm/page_isolation.o
  CC      arch/arm/mach-omap2/dpll44xx.o
  CC      mm/mm_init.o
  CC      kernel/sys.o
  CC      mm/mmu_context.o
  CC      fs/seq_file.o
  CC      arch/arm/mach-omap2/omap_hwmod_44xx_data.o
  CC      arch/arm/mach-omap2/omap_l3_noc.o
  CC      mm/percpu.o
  CC      arch/arm/mach-omap2/omap4_trim_quirks.o
  CC      fs/xattr.o
  CC      arch/arm/mach-omap2/mailbox.o
  CC      kernel/kmod.o
  CC      arch/arm/mach-omap2/iommu2.o
  CC      fs/libfs.o
  CC      arch/arm/mach-omap2/omap-iommu.o
  CC      kernel/workqueue.o
  CC      mm/fremap.o
  CC      arch/arm/mach-omap2/board-omap4panda.o
  CC      mm/highmem.o
  CC      fs/fs-writeback.o
  CC      arch/arm/mach-omap2/hsmmc.o
  CC      arch/arm/mach-omap2/omap_phy_internal.o
  CC      mm/madvise.o
  CC      arch/arm/mach-omap2/board-tuna.o
  CC      mm/memory.o
  CC      fs/pnode.o
  CC      arch/arm/mach-omap2/board-tuna-display.o
  CC      kernel/pid.o
  CC      fs/drop_caches.o
  CC      arch/arm/mach-omap2/board-tuna-input.o
  CC      fs/splice.o
  CC      kernel/rcupdate.o
  CC      arch/arm/mach-omap2/board-tuna-jack.o
  CC      kernel/extable.o
  CC      arch/arm/mach-omap2/board-tuna-nfc.o
  CC      mm/mincore.o
  CC      fs/sync.o
  CC      kernel/params.o
  CC      arch/arm/mach-omap2/board-tuna-power.o
  CC      mm/mlock.o
  CC      arch/arm/mach-omap2/board-tuna-sensors.o
  CC      fs/utimes.o
  CC      kernel/posix-timers.o
  CC      arch/arm/mach-omap2/board-tuna-vibrator.o
  CC      mm/mmap.o
  CC      fs/stack.o
  CC      arch/arm/mach-omap2/board-tuna-wifi.o
  CC      kernel/kthread.o
  CC      fs/fs_struct.o
  CC      fs/statfs.o
  CC      kernel/wait.o
  CC      arch/arm/mach-omap2/board-tuna-bluetooth.o
  CC      kernel/kfifo.o
  CC      arch/arm/mach-omap2/board-tuna-emif.o
  CC      fs/buffer.o
  CC      arch/arm/mach-omap2/board-tuna-connector.o
  CC      kernel/sys_ni.o
  CC      kernel/posix-cpu-timers.o
  CC      mm/mprotect.o
  CC      arch/arm/mach-omap2/board-tuna-pogo.o
  CC      mm/mremap.o
  CC      arch/arm/mach-omap2/board-tuna-usbhost.o
  CC      arch/arm/mach-omap2/fastchg.o
  CC      kernel/mutex.o
  CC      mm/msync.o
  CC      arch/arm/mach-omap2/usb-musb.o
  CC      arch/arm/mach-omap2/usb-host.o
  CC      kernel/hrtimer.o
  CC      mm/rmap.o
  CC      fs/bio.o
  CC      arch/arm/mach-omap2/hwspinlock.o
  CC      arch/arm/mach-omap2/display.o
  CC      arch/arm/mach-omap2/common-board-devices.o
  CC      kernel/rwsem.o
  CC      mm/vmalloc.o
  CC      fs/block_dev.o
  CC      arch/arm/mach-omap2/remoteproc.o
  CC      kernel/nsproxy.o
  CC      arch/arm/mach-omap2/omap_hsi.o
  CC      kernel/srcu.o
  CC      arch/arm/mach-omap2/board-tuna-modems.o
  CC      kernel/semaphore.o
  CC      fs/direct-io.o
  CC      mm/pagewalk.o
  CC      arch/arm/mach-omap2/omap_dmm.o
  CC      kernel/notifier.o
  CC      mm/pgtable-generic.o
  CC      arch/arm/mach-omap2/omap_fiq_debugger.o
  CC      kernel/ksysfs.o
  CC      mm/init-mm.o
  CC      mm/bootmem.o
  LD      arch/arm/mach-omap2/mailbox_mach.o
  CC      fs/mpage.o
  LD      arch/arm/mach-omap2/built-in.o
  CC      kernel/pm_qos_params.o
  CC      fs/ioprio.o
  CC      kernel/sched_clock.o
  CC      mm/memblock.o
  CC      mm/bounce.o
  CC      kernel/cred.o
  CC      fs/cifs/cifsfs.o
  CC      mm/page_io.o
  CC      ipc/util.o
  CC      kernel/async.o
  CC      mm/swap_state.o
  CC      kernel/range.o
  CC      fs/cifs/cifssmb.o
  CC      ipc/msgutil.o
  CC      kernel/jump_label.o
  CC      kernel/groups.o
  CC      mm/swapfile.o
  CC      ipc/msg.o
  CC      kernel/freezer.o
  CC      ipc/sem.o
  CC      kernel/sysctl_check.o
  CC      kernel/stacktrace.o
  CC      mm/thrash.o
  CC      kernel/events/core.o
  CC      ipc/shm.o
  CC      mm/frontswap.o
  CC      mm/dmapool.o
  CC      ipc/ipcns_notifier.o
  CC      ipc/syscall.o
  CC      mm/ashmem.o
  CC      ipc/ipc_sysctl.o
  LD      ipc/built-in.o
  CC      fs/cifs/cifs_debug.o
  CC      mm/compaction.o
  CC      fs/debugfs/inode.o
  CC      fs/cifs/connect.o
  CC      fs/debugfs/file.o
  CC      mm/ksm.o
  LD      fs/debugfs/debugfs.o
  LD      fs/debugfs/built-in.o
  CC      fs/cifs/dir.o
  CC      kernel/events/hw_breakpoint.o
  CC      mm/slub.o
  CC      kernel/irq/irqdesc.o
  LD      kernel/events/built-in.o
  CC      kernel/irq/handle.o
  CC      mm/migrate.o
  CC      kernel/irq/manage.o
  CC      fs/cifs/file.o
  CC      kernel/irq/spurious.o
  CC      kernel/irq/resend.o
  CC      mm/cleancache.o
  CC      kernel/power/main.o
  CC      kernel/irq/chip.o
  LD      mm/built-in.o
  CC      kernel/power/console.o
  CC      fs/cifs/inode.o
  CC      kernel/power/process.o
  CC      kernel/irq/dummychip.o
  CC      kernel/irq/devres.o
  CC      kernel/power/suspend.o
  CC      kernel/irq/generic-chip.o
  CC      fs/cifs/link.o
  CC      fs/devpts/inode.o
  CC      kernel/irq/autoprobe.o
  CC      kernel/power/wakelock.o
  CC      kernel/irq/proc.o
  LD      fs/devpts/devpts.o
  LD      fs/devpts/built-in.o
  CC      kernel/irq/pm.o
  CC      fs/cifs/misc.o
  CC      fs/ext2/balloc.o
  LD      kernel/irq/built-in.o
  CC      fs/ext4/balloc.o
  CC      kernel/power/userwakelock.o
  CC      kernel/power/earlysuspend.o
  CC      fs/ext2/dir.o
  CC      fs/cifs/netmisc.o
  CC      fs/ext4/bitmap.o
  CC      kernel/power/fbearlysuspend.o
  CC      fs/ext4/dir.o
  CC      kernel/power/suspend_time.o
  CC      fs/cifs/smbencrypt.o
  CC      fs/ext2/file.o
  CC      kernel/power/poweroff.o
  LD      kernel/power/built-in.o
  CC      kernel/time/timekeeping.o
  CC      fs/ext4/file.o
  CC      fs/ext2/ialloc.o
  CC      fs/cifs/transport.o
  CC      fs/ext4/fsync.o
  CC      fs/ext2/inode.o
  CC      fs/ext4/ialloc.o
  CC      kernel/time/ntp.o
  CC      fs/cifs/asn1.o
  CC      kernel/time/clocksource.o
  CC      fs/ext2/ioctl.o
  CC      kernel/time/jiffies.o
  CC      fs/ext2/namei.o
  CC      fs/cifs/cifs_unicode.o
  CC      fs/ext4/inode.o
  CC      kernel/time/timer_list.o
  CC      kernel/time/timecompare.o
  CC      fs/ext2/super.o
  CC      fs/cifs/nterr.o
  CC      kernel/time/timeconv.o
  CC      fs/cifs/xattr.o
  CC      kernel/time/posix-clock.o
  CC      kernel/time/clockevents.o
  CC      fs/cifs/cifsencrypt.o
  CC      fs/ext2/symlink.o
  LD      fs/ext2/ext2.o
  LD      fs/ext2/built-in.o
  CC      kernel/time/tick-common.o
  CC      fs/cifs/readdir.o
  CC      kernel/time/tick-broadcast.o
  CC      security/keys/gc.o
  CC      kernel/time/tick-oneshot.o
  CC      fs/cifs/ioctl.o
  CC      security/keys/key.o
  CC      kernel/time/tick-sched.o
  CC      fs/cifs/sess.o
  CC      security/keys/keyring.o
  LD      kernel/time/built-in.o
  CC      kernel/trace/trace_clock.o
  CC      fs/ext4/page-io.o
  CC      kernel/trace/ring_buffer.o
  CC      security/keys/keyctl.o
  CC      fs/cifs/export.o
  CC      fs/ext4/ioctl.o
  LD      fs/cifs/cifs.o
  LD      fs/cifs/built-in.o
  CC      kernel/trace/trace.o
  CC      fs/ext4/namei.o
  CC      security/keys/permission.o
  CC      crypto/api.o
  CC      security/keys/process_keys.o
  CC      crypto/cipher.o
  CC      security/keys/request_key.o
  CC      crypto/compress.o
  CC      security/keys/request_key_auth.o
  CC      crypto/algapi.o
  CC      security/keys/user_defined.o
  CC      fs/ext4/super.o
  CC      security/keys/proc.o
  CC      security/keys/sysctl.o
  CC      kernel/trace/trace_output.o
  CC      crypto/scatterwalk.o
  LD      security/keys/built-in.o
  CC      security/smc/tf_util.o
  CC      crypto/proc.o
  CC      crypto/ablkcipher.o
  CC      kernel/trace/trace_stat.o
  CC      security/smc/tf_conn.o
  CC      crypto/blkcipher.o
  CC      kernel/trace/trace_printk.o
  CC      crypto/ahash.o
  CC      security/smc/tf_device.o
  CC      kernel/trace/trace_sched_switch.o
  CC      crypto/shash.o
  CC      security/smc/tf_comm.o
  CC      kernel/trace/trace_sched_wakeup.o
  CC      crypto/algboss.o
  CC      kernel/trace/trace_nop.o
  CC      security/smc/tf_crypto.o
  CC      kernel/trace/blktrace.o
  CC      crypto/testmgr.o
  CC      kernel/trace/trace_events.o
  CC      crypto/crypto_wq.o
  CC      security/smc/tf_crypto_digest.o
  LD      crypto/crypto_algapi.o
  CC      crypto/aead.o
  CC      security/smc/tf_crypto_aes.o
  LD      crypto/crypto_blkcipher.o
  CC      crypto/chainiv.o
  CC      kernel/trace/trace_export.o
  CC      security/smc/tf_crypto_des.o
  CC      crypto/eseqiv.o
  CC      fs/ext4/symlink.o
  CC      kernel/trace/trace_event_perf.o
  CC      security/smc/tf_dma.o
  LD      crypto/crypto_hash.o
  CC      crypto/pcompress.o
  CC      security/smc/tf_comm_mshield.o
  CC      fs/ext4/hash.o
  CC      kernel/trace/trace_events_filter.o
  LD      crypto/cryptomgr.o
  CC      crypto/hmac.o
  CC      security/smc/tf_device_mshield.o
  CC      fs/ext4/resize.o
  CC      crypto/md4.o
  AS      security/smc/bridge_pub2sec.o
  CC      security/smc/tf_teec.o
  CC      crypto/md5.o
  CC      crypto/sha1_generic.o
  CC      kernel/trace/power-traces.o
  CC      fs/ext4/extents.o
  CC      security/smc/rproc_drm.o
  CC      crypto/sha256_generic.o
  LD      security/smc/tf_driver.o
  LD      security/smc/built-in.o
  CC      security/commoncap.o
  LD      kernel/trace/built-in.o
  CC      kernel/futex.o
  CC      crypto/ecb.o
  CC      security/min_addr.o
  CC      crypto/cbc.o
  LD      security/built-in.o
  CC      block/elevator.o
  CC      crypto/des_generic.o
  CC      kernel/rtmutex.o
  CC      fs/ext4/ext4_jbd2.o
  CC      block/blk-core.o
  CC      crypto/twofish_generic.o
  CC      kernel/smp.o
  CC      fs/ext4/migrate.o
  CC      kernel/spinlock.o
  CC      crypto/twofish_common.o
  CC      fs/ext4/mballoc.o
  CC      kernel/uid16.o
  CC      kernel/module.o
  CC      crypto/aes_generic.o
  CC      block/blk-tag.o
  CC      kernel/cgroup.o
  CC      block/blk-sysfs.o
  CC      crypto/arc4.o
  CC      crypto/deflate.o
  CC      crypto/crc32c.o
  CC      block/blk-flush.o
  CC      crypto/authenc.o
  CC      block/blk-settings.o
  CC      fs/ext4/block_validity.o
  CC      crypto/authencesn.o
  CC      block/blk-ioc.o
  CC      fs/ext4/move_extent.o
  CC      block/blk-map.o
  CC      crypto/lzo.o
  CC      kernel/cgroup_freezer.o
  CC      crypto/rng.o
  CC      block/blk-exec.o
  CC      fs/ext4/mmp.o
  CC      crypto/krng.o
  CC      kernel/res_counter.o
  LD      crypto/crypto.o
  LD      crypto/built-in.o
  CC      kernel/stop_machine.o
  CC      block/blk-merge.o
  CC      block/blk-softirq.o
  LD      fs/ext4/ext4.o
  LD      fs/ext4/built-in.o
  CC      fs/fat/cache.o
  CC      kernel/hung_task.o
  LD      drivers/auxdisplay/built-in.o
  CC      block/blk-timeout.o
  CC      drivers/base/core.o
  CC      fs/fat/dir.o
  CC      kernel/rcutree.o
  CC      block/blk-iopoll.o
  CC      drivers/base/sys.o
  CC      block/blk-lib.o
  CC      drivers/base/bus.o
  CC      block/ioctl.o
  CC      fs/fat/fatent.o
  CC      kernel/utsname_sysctl.o
  CC      drivers/base/dd.o
  CC      kernel/tracepoint.o
  CC      block/genhd.o
  CC      drivers/base/syscore.o
  CC      fs/fat/file.o
  CC      kernel/elfcore.o
  CC      kernel/sched_cpupri.o
  CC      kernel/irq_work.o
  CC      drivers/base/driver.o
  CC      kernel/cpu_pm.o
  CC      drivers/base/class.o
  CC      fs/fat/inode.o
  CC      kernel/time.o
  CC      drivers/base/platform.o
  CC      block/scsi_ioctl.o
  LD      kernel/built-in.o
  CC      drivers/base/cpu.o
  CC      sound/sound_core.o
  CC      block/noop-iosched.o
  CC      drivers/base/firmware.o
  LD      sound/arm/built-in.o
  LD      sound/atmel/built-in.o
  CC      sound/core/memalloc.o
  CC      drivers/base/init.o
  CC      fs/fat/misc.o
  CC      drivers/base/map.o
  CC      block/fifo-iosched.o
  CC      sound/core/pcm.o
  CC      fs/fat/namei_msdos.o
  CC      drivers/base/devres.o
  CC      block/deadline-iosched.o
  CC      drivers/base/attribute_container.o
  CC      block/sio-iosched.o
  CC      fs/fat/namei_vfat.o
  CC      sound/core/pcm_native.o
  CC      drivers/base/transport_class.o
  CC      block/cfq-iosched.o
  CC      drivers/base/power/sysfs.o
  CC      drivers/base/power/generic_ops.o
  LD      fs/fat/fat.o
  LD      fs/fat/vfat.o
  LD      fs/fat/msdos.o
  LD      fs/fat/built-in.o
  CC      fs/fuse/dev.o
  CC      drivers/base/power/main.o
  CC      drivers/base/power/wakeup.o
  CC      sound/core/pcm_lib.o
  CC      block/vr-iosched.o
  CC      drivers/base/power/runtime.o
  CC      fs/fuse/dir.o
  CC      block/bfq-iosched.o
  CC      drivers/base/power/opp.o
  CC      sound/core/pcm_timer.o
  CC      drivers/base/power/clock_ops.o
  CC      fs/fuse/file.o
  LD      drivers/base/power/built-in.o
  CC      drivers/base/dma-mapping.o
  CC      sound/core/pcm_misc.o
  CC      drivers/base/dma-coherent.o
  CC      sound/core/pcm_memory.o
  CC      drivers/base/firmware_class.o
  CC      sound/core/timer.o
  CC      drivers/base/topology.o
  CC      fs/fuse/inode.o
  CC      block/fiops-iosched.o
  CC      drivers/base/module.o
  CC      drivers/base/sync.o
  LD      block/built-in.o
  LD      firmware/built-in.o
  CC      sound/core/sound.o
  CC      net/socket.o
  CC      fs/fuse/control.o
  CC      drivers/base/sw_sync.o
  CC      sound/core/init.o
  LD      fs/fuse/fuse.o
  LD      fs/fuse/built-in.o
  CC      fs/isofs/namei.o
  LD      drivers/base/built-in.o
  CC      fs/isofs/inode.o
  CC      drivers/block/brd.o
  CC      sound/core/memory.o
  CC      drivers/block/loop.o
  CC      sound/core/info.o
  CC      fs/isofs/dir.o
  CC      net/802/p8022.o
  LD      drivers/block/built-in.o
  CC      drivers/bluetooth/hci_ldisc.o
  CC      fs/isofs/util.o
  CC      net/802/psnap.o
  CC      sound/core/control.o
  CC      fs/isofs/rock.o
  CC      net/802/stp.o
  CC      drivers/bluetooth/hci_h4.o
  CC      fs/isofs/export.o
  LD      net/802/built-in.o
  CC      net/bluetooth/af_bluetooth.o
  LD      drivers/bluetooth/hci_uart.o
  LD      drivers/bluetooth/built-in.o
  LD      drivers/cdrom/built-in.o
  CC      drivers/char/mem.o
  CC      fs/isofs/joliet.o
  CC      sound/core/misc.o
  LD      fs/isofs/isofs.o
  LD      fs/isofs/built-in.o
  CC      sound/core/device.o
  CC      fs/jbd2/transaction.o
  CC      drivers/char/random.o
  CC      net/bluetooth/hci_core.o
  CC      sound/core/jack.o
  LD      sound/core/snd.o
  LD      sound/core/snd-timer.o
  LD      sound/core/snd-pcm.o
  LD      sound/core/snd-page-alloc.o
  LD      sound/core/built-in.o
  LD      sound/drivers/mpu401/built-in.o
  LD      sound/drivers/opl3/built-in.o
  LD      sound/drivers/opl4/built-in.o
  LD      sound/drivers/pcsp/built-in.o
  LD      sound/drivers/vx/built-in.o
  LD      sound/drivers/built-in.o
  LD      sound/firewire/built-in.o
  LD      sound/i2c/other/built-in.o
  LD      sound/i2c/built-in.o
  LD      sound/isa/ad1816a/built-in.o
  LD      sound/isa/ad1848/built-in.o
  LD      sound/isa/cs423x/built-in.o
  CC      fs/jbd2/commit.o
  LD      sound/isa/es1688/built-in.o
  LD      sound/isa/galaxy/built-in.o
  LD      sound/isa/gus/built-in.o
  LD      sound/isa/msnd/built-in.o
  LD      sound/isa/opti9xx/built-in.o
  LD      sound/isa/sb/built-in.o
  LD      sound/isa/wavefront/built-in.o
  LD      sound/isa/wss/built-in.o
  LD      sound/isa/built-in.o
  LD      sound/mips/built-in.o
  LD      sound/parisc/built-in.o
  CC      drivers/char/misc.o
  LD      sound/pci/ac97/built-in.o
  LD      sound/pci/ali5451/built-in.o
  LD      sound/pci/asihpi/built-in.o
  LD      sound/pci/au88x0/built-in.o
  LD      sound/pci/aw2/built-in.o
  LD      sound/pci/ca0106/built-in.o
  LD      sound/pci/cs46xx/built-in.o
  LD      sound/pci/cs5535audio/built-in.o
  LD      sound/pci/ctxfi/built-in.o
  LD      sound/pci/echoaudio/built-in.o
  LD      sound/pci/emu10k1/built-in.o
  LD      sound/pci/hda/built-in.o
  LD      sound/pci/ice1712/built-in.o
  LD      sound/pci/korg1212/built-in.o
  LD      sound/pci/lola/built-in.o
  CC      fs/jbd2/recovery.o
  CC      drivers/char/hw_random/core.o
  LD      sound/pci/lx6464es/built-in.o
  LD      sound/pci/mixart/built-in.o
  LD      sound/pci/nm256/built-in.o
  LD      sound/pci/oxygen/built-in.o
  LD      sound/pci/pcxhr/built-in.o
  LD      sound/pci/riptide/built-in.o
  CC      net/bluetooth/hci_conn.o
  LD      sound/pci/rme9652/built-in.o
  LD      sound/pci/trident/built-in.o
  LD      sound/pci/vx222/built-in.o
  LD      sound/pci/ymfpci/built-in.o
  LD      sound/pci/built-in.o
  LD      sound/pcmcia/pdaudiocf/built-in.o
  LD      sound/pcmcia/vx/built-in.o
  LD      sound/pcmcia/built-in.o
  LD      sound/ppc/built-in.o
  LD      sound/sh/built-in.o
  CC      sound/soc/soc-core.o
  LD      drivers/char/hw_random/rng-core.o
  LD      drivers/char/hw_random/built-in.o
  LD      drivers/char/built-in.o
  CC      drivers/clk/clkdev.o
  CC      fs/jbd2/checkpoint.o
  LD      drivers/clk/built-in.o
  CC      net/bluetooth/hci_event.o
  LD      drivers/clocksource/built-in.o
  CC      drivers/cpufreq/cpufreq.o
  CC      fs/jbd2/revoke.o
  CC      fs/jbd2/journal.o
  CC      drivers/cpufreq/cpufreq_stats.o
  CC      drivers/cpufreq/cpufreq_performance.o
  CC      drivers/cpufreq/cpufreq_powersave.o
  CC      drivers/cpufreq/cpufreq_userspace.o
  CC      drivers/cpufreq/cpufreq_ondemand.o
  CC      sound/soc/soc-dapm.o
  CC      net/bluetooth/mgmt.o
  CC      drivers/cpufreq/cpufreq_ondemandx.o
  LD      fs/jbd2/jbd2.o
  LD      fs/jbd2/built-in.o
  CC      fs/lockd/clntlock.o
  CC      drivers/cpufreq/cpufreq_conservative.o
  CC      fs/lockd/clntproc.o
  CC      drivers/cpufreq/cpufreq_interactive.o
  CC      sound/soc/soc-jack.o
  CC      net/bluetooth/hci_sock.o
  CC      fs/lockd/clntxdr.o
  CC      drivers/cpufreq/cpufreq_hotplug.o
  CC      sound/soc/soc-cache.o
  CC      drivers/cpufreq/cpufreq_lazy.o
  CC      net/bluetooth/hci_sysfs.o
  CC      fs/lockd/host.o
  CC      sound/soc/soc-utils.o
  CC      drivers/cpufreq/cpufreq_wheatley.o
  CC      sound/soc/soc-dsp.o
  CC      net/bluetooth/lib.o
  CC      fs/lockd/svc.o
  CC      drivers/cpufreq/cpufreq_sakuractive.o
  CC      net/bluetooth/l2cap_core.o
  CC      fs/lockd/svclock.o
  CC      drivers/cpufreq/cpufreq_intellidemand.o
  LD      sound/soc/atmel/built-in.o
  LD      sound/soc/au1x/built-in.o
  LD      sound/soc/blackfin/built-in.o
  CC      sound/soc/codecs/dmic.o
  CC      fs/lockd/svcshare.o
  CC      sound/soc/codecs/omap-hdmi-codec.o
  CC      drivers/cpufreq/cpufreq_interactiveX.o
  CC      fs/lockd/svcproc.o
  CC      sound/soc/codecs/spdif_transciever.o
  CC      drivers/cpufreq/cpufreq_pegasusq.o
  CC      sound/soc/codecs/twl6040.o
  CC      fs/lockd/svcsubs.o
  LD      sound/soc/codecs/snd-soc-dmic.o
  LD      sound/soc/codecs/snd-soc-spdif.o
  CC      fs/lockd/mon.o
  LD      sound/soc/codecs/snd-soc-twl6040.o
  LD      sound/soc/codecs/snd-soc-omap-hdmi-codec.o
  LD      sound/soc/codecs/built-in.o
  CC      drivers/cpufreq/freq_table.o
  LD      sound/soc/davinci/built-in.o
  LD      sound/soc/ep93xx/built-in.o
  LD      sound/soc/fsl/built-in.o
  LD      sound/soc/imx/built-in.o
  LD      sound/soc/jz4740/built-in.o
  LD      sound/soc/kirkwood/built-in.o
  LD      sound/soc/mid-x86/built-in.o
  LD      sound/soc/nuc900/built-in.o
  CC      sound/soc/omap/omap-abe-dsp.o
  LD      drivers/cpufreq/built-in.o
  CC      drivers/cpuidle/cpuidle.o
  CC      net/bluetooth/l2cap_sock.o
  CC      fs/lockd/xdr.o
  CC      drivers/cpuidle/driver.o
  CC      drivers/cpuidle/governor.o
  CC      net/bluetooth/smp.o
  CC      drivers/cpuidle/sysfs.o
  CC      sound/soc/omap/omap-abe.o
  CC      fs/lockd/grace.o
  CC      drivers/cpuidle/governors/ladder.o
  CC      fs/lockd/clnt4xdr.o
  CC      net/bluetooth/sco.o
  CC      drivers/cpuidle/governors/menu.o
  LD      drivers/cpuidle/governors/built-in.o
  LD      drivers/cpuidle/built-in.o
  LD      drivers/crypto/built-in.o
  CC      sound/soc/omap/omap-hdmi.o
  LD      drivers/firewire/built-in.o
  LD      drivers/firmware/built-in.o
  CC      drivers/gpio/gpiolib.o
  CC      fs/lockd/xdr4.o
  CC      sound/soc/omap/omap-mcasp.o
  CC      net/bluetooth/bnep/core.o
  CC      fs/lockd/svc4proc.o
  CC      sound/soc/omap/omap-mcbsp.o
  CC      net/bluetooth/bnep/sock.o
  CC      drivers/gpio/gpio-omap.o
  CC      sound/soc/omap/omap-mcpdm.o
  LD      fs/lockd/lockd.o
  LD      fs/lockd/built-in.o
  CC      fs/nfs/client.o
  CC      net/bluetooth/bnep/netdev.o
  CC      sound/soc/omap/omap-pcm.o
  CC      drivers/gpio/twl4030-gpio.o
  LD      net/bluetooth/bnep/bnep.o
  LD      net/bluetooth/bnep/built-in.o
  CC      net/bluetooth/hidp/core.o
  CC      sound/soc/omap/omap4-hdmi-card.o
  LD      drivers/gpio/built-in.o
  LD      drivers/gpu/drm/i2c/built-in.o
  LD      drivers/gpu/drm/built-in.o
  CC      drivers/gpu/ion/ion.o
  CC      sound/soc/omap/sdp4430.o
  CC      fs/nfs/dir.o
  CC      sound/soc/omap/abe/abe_main.o
  CC      sound/soc/omap/abe/abe_core.o
  CC      net/bluetooth/hidp/sock.o
  CC      drivers/gpu/ion/ion_heap.o
  CC      drivers/gpu/ion/ion_system_heap.o
  CC      sound/soc/omap/abe/abe_gain.o
  LD      net/bluetooth/hidp/hidp.o
  CC      fs/nfs/file.o
  LD      net/bluetooth/hidp/built-in.o
  CC      net/bluetooth/rfcomm/core.o
  CC      drivers/gpu/ion/ion_carveout_heap.o
  CC      sound/soc/omap/abe/abe_port.o
  CC      drivers/gpu/ion/omap/omap_tiler_heap.o
  CC      drivers/gpu/ion/omap/omap_ion.o
  CC      sound/soc/omap/abe/abe_aess.o
  CC      fs/nfs/getroot.o
  LD      drivers/gpu/ion/omap/built-in.o
  LD      drivers/gpu/ion/built-in.o
  CC      drivers/gpu/pvr/omaplfb/omaplfb_displayclass.o
  CC      sound/soc/omap/abe/abe_dbg.o
  CC      sound/soc/omap/abe/abe_dat.o
  CC      net/bluetooth/rfcomm/sock.o
  CC      fs/nfs/inode.o
  CC      sound/soc/omap/abe/abe_ini.o
  CC      drivers/gpu/pvr/omaplfb/omaplfb_linux.o
  CC      sound/soc/omap/abe/abe_irq.o
  CC      sound/soc/omap/abe/abe_seq.o
  CC      sound/soc/omap/abe/abe_asrc.o
  CC      sound/soc/omap/abe/port_mgr.o
  CC      net/bluetooth/rfcomm/tty.o
  CC      drivers/gpu/pvr/osfunc.o
  LD      sound/soc/omap/abe/snd-soc-abe-hal.o
  LD      sound/soc/omap/abe/built-in.o
  LD      sound/soc/omap/snd-soc-omap-hdmi.o
  LD      sound/soc/omap/snd-soc-sdp4430.o
  LD      sound/soc/omap/snd-soc-omap4-hdmi.o
  LD      sound/soc/omap/snd-soc-omap.o
  LD      sound/soc/omap/snd-soc-omap-mcasp.o
  LD      sound/soc/omap/snd-soc-omap-mcbsp.o
  LD      sound/soc/omap/snd-soc-omap-mcpdm.o
  LD      sound/soc/omap/snd-soc-omap-abe.o
  LD      sound/soc/omap/snd-soc-omap-abe-dsp.o
  LD      sound/soc/omap/built-in.o
  LD      sound/soc/pxa/built-in.o
  LD      sound/soc/s6000/built-in.o
  LD      sound/soc/samsung/built-in.o
  LD      sound/soc/sh/built-in.o
  LD      sound/soc/tegra/built-in.o
  LD      sound/soc/txx9/built-in.o
  LD      sound/soc/snd-soc-core.o
  LD      sound/soc/built-in.o
  CC      fs/nfs/super.o
  LD      sound/sparc/built-in.o
  LD      sound/spi/built-in.o
  LD      sound/synth/built-in.o
  LD      sound/usb/6fire/built-in.o
  LD      sound/usb/caiaq/built-in.o
  LD      sound/usb/misc/built-in.o
  LD      sound/usb/usx2y/built-in.o
  LD      sound/usb/built-in.o
  CC      sound/last.o
  LD      net/bluetooth/rfcomm/rfcomm.o
  LD      net/bluetooth/rfcomm/built-in.o
  LD      net/bluetooth/bluetooth.o
  LD      net/bluetooth/built-in.o
  CC      net/bridge/br.o
  LD      sound/soundcore.o
  LD      sound/built-in.o
  CC      fs/nfs/nfs2xdr.o
  CC      drivers/gpu/pvr/mutils.o
  CC      drivers/gpu/pvr/mmap.o
  CC      net/bridge/br_device.o
  CC      fs/nfs/direct.o
  CC      drivers/gpu/pvr/module.o
  CC      net/bridge/br_fdb.o
  CC      drivers/gpu/pvr/pdump.o
  CC      drivers/gpu/pvr/proc.o
  CC      arch/arm/lib/uaccess_with_memcpy.o
  AS      arch/arm/lib/ashldi3.o
  CC      drivers/gpu/pvr/pvr_bridge_k.o
  AS      arch/arm/lib/ashrdi3.o
  AS      arch/arm/lib/backtrace.o
  CC      net/bridge/br_forward.o
  AS      arch/arm/lib/changebit.o
  CC      fs/nfs/pagelist.o
  AS      arch/arm/lib/clear_user.o
  AS      arch/arm/lib/clearbit.o
  CC      drivers/gpu/pvr/pvr_debug.o
  AS      arch/arm/lib/copy_from_user.o
  AS      arch/arm/lib/copy_page.o
  AS      arch/arm/lib/copy_to_user.o
  CC      drivers/gpu/pvr/mm.o
  CC      net/bridge/br_if.o
  AS      arch/arm/lib/csumipv6.o
  CC      fs/nfs/proc.o
  AS      arch/arm/lib/csumpartial.o
  AS      arch/arm/lib/csumpartialcopy.o
  AS      arch/arm/lib/csumpartialcopyuser.o
  AS      arch/arm/lib/delay.o
  AS      arch/arm/lib/div64.o
  AS      arch/arm/lib/findbit.o
  CC      net/bridge/br_input.o
  AS      arch/arm/lib/getuser.o
  CC      drivers/gpu/pvr/mutex.o
  AS      arch/arm/lib/io-readsb.o
  AS      arch/arm/lib/io-readsl.o
  CC      drivers/gpu/pvr/event.o
  AS      arch/arm/lib/io-readsw-armv4.o
  AS      arch/arm/lib/io-writesb.o
  CC      fs/nfs/read.o
  AS      arch/arm/lib/io-writesl.o
  CC      net/bridge/br_ioctl.o
  AS      arch/arm/lib/io-writesw-armv4.o
  AS      arch/arm/lib/lib1funcs.o
  CC      drivers/gpu/pvr/osperproc.o
  AS      arch/arm/lib/lshrdi3.o
  AS      arch/arm/lib/memchr.o
  AS      arch/arm/lib/memcpy.o
  AS      arch/arm/lib/memmove.o
  CC      drivers/gpu/pvr/buffer_manager.o
  AS      arch/arm/lib/memset.o
  AS      arch/arm/lib/memzero.o
  CC      net/bridge/br_notify.o
  CC      fs/nfs/symlink.o
  AS      arch/arm/lib/muldi3.o
  AS      arch/arm/lib/putuser.o
  AS      arch/arm/lib/setbit.o
  AS      arch/arm/lib/sha1.o
  AS      arch/arm/lib/strchr.o
  AS      arch/arm/lib/strncpy_from_user.o
  CC      fs/nfs/unlink.o
  AS      arch/arm/lib/strnlen_user.o
  CC      net/bridge/br_stp.o
  AS      arch/arm/lib/strrchr.o
  CC      drivers/gpu/pvr/devicemem.o
  AS      arch/arm/lib/testchangebit.o
  AS      arch/arm/lib/testclearbit.o
  AS      arch/arm/lib/testsetbit.o
  AS      arch/arm/lib/ucmpdi2.o
  CC      fs/nfs/write.o
  LD      arch/arm/lib/built-in.o
  AR      arch/arm/lib/lib.a
  CC      fs/nfs/namespace.o
  CC      drivers/gpu/pvr/deviceclass.o
  CC      net/bridge/br_stp_bpdu.o
  CC      drivers/gpu/pvr/handle.o
  CC      net/bridge/br_stp_if.o
  CC      lib/bcd.o
  CC      lib/div64.o
  CC      drivers/gpu/pvr/hash.o
  CC      fs/nfs/mount_clnt.o
  CC      lib/sort.o
  CC      net/bridge/br_stp_timer.o
  CC      drivers/gpu/pvr/metrics.o
  CC      lib/parser.o
  CC      fs/nfs/dns_resolve.o
  CC      drivers/gpu/pvr/pvrsrv.o
  CC      lib/halfmd4.o
  CC      net/bridge/br_netlink.o
  CC      lib/debug_locks.o
  CC      lib/random32.o
  CC      fs/nfs/cache_lib.o
  CC      lib/bust_spinlocks.o
  CC      drivers/gpu/pvr/queue.o
  CC      net/bridge/br_sysfs_if.o
  CC      fs/nfs/nfs3proc.o
  CC      lib/hexdump.o
  CC      lib/kasprintf.o
  CC      net/bridge/br_sysfs_br.o
  CC      drivers/gpu/pvr/ra.o
  CC      lib/bitmap.o
  CC      fs/nfs/nfs3xdr.o
  CC      net/bridge/br_netfilter.o
  CC      drivers/gpu/pvr/resman.o
  CC      lib/scatterlist.o
  CC      drivers/gpu/pvr/power.o
  CC      lib/string_helpers.o
  CC      lib/gcd.o
  CC      drivers/gpu/pvr/mem.o
  CC      fs/nfs/nfs3acl.o
  CC      lib/lcm.o
  LD      net/bridge/bridge.o
  LD      net/bridge/built-in.o
  CC      net/core/sock.o
  CC      lib/list_sort.o
  CC      drivers/gpu/pvr/pdump_common.o
  CC      lib/uuid.o
  CC      drivers/gpu/pvr/bridged_support.o
  CC      lib/flex_array.o
  CC      drivers/gpu/pvr/bridged_pvr_bridge.o
  CC      lib/bsearch.o
  CC      lib/find_last_bit.o
  CC      fs/nfs/nfs4proc.o
  CC      lib/kstrtox.o
  CC      lib/iomap_copy.o
  CC      drivers/gpu/pvr/perproc.o
  CC      lib/devres.o
  CC      net/core/request_sock.o
  CC      drivers/gpu/pvr/lists.o
  CC      lib/hweight.o
  CC      lib/bitrev.o
  CC      net/core/skbuff.o
  CC      lib/crc-ccitt.o
  CC      drivers/gpu/pvr/refcount.o
  CC      lib/crc16.o
  CC      lib/crc-itu-t.o
  CC      drivers/gpu/pvr/omap4/sysconfig.o
  HOSTCC  lib/gen_crc32table
  CC      lib/libcrc32c.o
  CC      lib/genalloc.o
  CC      drivers/gpu/pvr/omap4/sysutils.o
  CC      lib/lzo/lzo1x_compress.o
  CC      fs/nfs/nfs4xdr.o
  CC      drivers/gpu/pvr/sgx/bridged_sgx_bridge.o
  CC      lib/lzo/lzo1x_decompress.o
  LD      lib/lzo/lzo_compress.o
  LD      lib/lzo/lzo_decompress.o
  LD      lib/lzo/built-in.o
  CC      lib/xz/xz_dec_syms.o
  CC      lib/xz/xz_dec_stream.o
  CC      net/core/iovec.o
  CC      drivers/gpu/pvr/sgx/sgxinit.o
  CC      lib/xz/xz_dec_lzma2.o
  CC      net/core/datagram.o
  CC      lib/xz/xz_dec_bcj.o
  CC      drivers/gpu/pvr/sgx/sgxpower.o
  LD      lib/xz/xz_dec.o
  LD      lib/xz/built-in.o
  CC      net/core/stream.o
  CC      lib/zlib_deflate/deflate.o
  CC      drivers/gpu/pvr/sgx/sgxreset.o
  CC      drivers/gpu/pvr/sgx/sgxutils.o
  CC      net/core/scm.o
  CC      lib/zlib_deflate/deftree.o
  CC      drivers/gpu/pvr/sgx/sgxkick.o
  CC      fs/nfs/nfs4state.o
  CC      net/core/gen_stats.o
  CC      drivers/gpu/pvr/sgx/sgxtransfer.o
  CC      lib/zlib_deflate/deflate_syms.o
  CC      drivers/gpu/pvr/sgx/mmu.o
  CC      net/core/gen_estimator.o
  LD      lib/zlib_deflate/zlib_deflate.o
  LD      lib/zlib_deflate/built-in.o
  CC      lib/zlib_inflate/inffast.o
  CC      lib/zlib_inflate/inflate.o
  CC      drivers/gpu/pvr/sgx/pb.o
  CC      net/core/net_namespace.o
  CC      fs/nfs/nfs4renewd.o
  CC      drivers/gpu/pvr/ion.o
  LD      drivers/gpu/pvr/pvrsrvkm.o
  CC      net/core/secure_seq.o
  LD      drivers/gpu/pvr/omaplfb.o
  LD      drivers/gpu/pvr/built-in.o
  CC      lib/zlib_inflate/infutil.o
  LD      drivers/gpu/stub/built-in.o
  LD      drivers/gpu/vga/built-in.o
  LD      drivers/gpu/built-in.o
  CC      drivers/hid/hid-lg.o
  CC      lib/zlib_inflate/inftrees.o
  CC      fs/nfs/delegation.o
  CC      net/core/sysctl_net_core.o
  CC      lib/zlib_inflate/inflate_syms.o
  LD      lib/zlib_inflate/zlib_inflate.o
  LD      lib/zlib_inflate/built-in.o
  CC      lib/textsearch.o
  CC      drivers/hid/hid-lgff.o
  CC      lib/ts_kmp.o
  CC      net/core/dev.o
  CC      drivers/hid/hid-lg2ff.o
  CC      lib/ts_bm.o
  CC      fs/nfs/idmap.o
  CC      lib/ts_fsm.o
  CC      drivers/hid/hid-lg3ff.o
  CC      drivers/hid/hid-lg4ff.o
  CC      lib/percpu_counter.o
  CC      fs/nfs/callback.o
  CC      drivers/hid/hid-debug.o
  CC      lib/nlattr.o
  CC      lib/cpu_rmap.o
  CC      drivers/hid/hid-core.o
  CC      fs/nfs/callback_xdr.o
  CC      lib/argv_split.o
  CC      lib/cmdline.o
  CC      lib/cpumask.o
  CC      lib/ctype.o
  CC      fs/nfs/callback_proc.o
  CC      lib/dec_and_lock.o
  CC      drivers/hid/hid-input.o
  CC      lib/decompress.o
  CC      lib/decompress_unxz.o
  CC      lib/dump_stack.o
  CC      lib/extable.o
  CC      fs/nfs/nfs4namespace.o
  CC      net/core/ethtool.o
  CC      lib/find_next_bit.o
  CC      lib/idr.o
  CC      drivers/hid/uhid.o
  CC      fs/nfs/pnfs.o
  CC      lib/int_sqrt.o
  CC      lib/ioremap.o
  CC      drivers/hid/hid-a4tech.o
  CC      lib/irq_regs.o
  CC      lib/is_single_threaded.o
  CC      drivers/hid/hid-axff.o
  CC      lib/klist.o
  CC      net/core/dev_addr_lists.o
  CC      drivers/hid/hid-apple.o
  CC      lib/kobject.o
  CC      fs/nfs/pnfs_dev.o
  CC      drivers/hid/hid-belkin.o
  CC      net/core/dst.o
  CC      lib/kobject_uevent.o
  CC      fs/nfs/sysctl.o
  CC      drivers/hid/hid-cherry.o
  CC      net/core/netevent.o
  CC      drivers/hid/hid-chicony.o
  CC      lib/kref.o
  CC      net/core/neighbour.o
  CC      fs/nfs/nfs4filelayout.o
  CC      drivers/hid/hid-cypress.o
  CC      lib/md5.o
  CC      drivers/hid/hid-dr.o
  CC      lib/memcopy.o
  CC      lib/plist.o
  CC      lib/prio_heap.o
  CC      drivers/hid/hid-emsff.o
  CC      lib/prio_tree.o
  CC      fs/nfs/nfs4filelayoutdev.o
  CC      drivers/hid/hid-elecom.o
  CC      lib/proportions.o
  CC      drivers/hid/hid-ezkey.o
  CC      lib/radix-tree.o
  CC      drivers/hid/hid-gyration.o
  LD      fs/nfs/nfs.o
  CC      drivers/hid/hid-kensington.o
  LD      fs/nfs/nfs_layout_nfsv41_files.o
  LD      fs/nfs/built-in.o
  CC      fs/nfs_common/nfsacl.o
  CC      net/core/rtnetlink.o
  CC      drivers/hid/hid-keytouch.o
  CC      lib/ratelimit.o
  LD      fs/nfs_common/nfs_acl.o
  LD      fs/nfs_common/built-in.o
  CC      drivers/hid/hid-kye.o
  CC      fs/nls/nls_base.o
  CC      lib/rbtree.o
  CC      drivers/hid/hid-lcpower.o
  CC      fs/nls/nls_cp437.o
  LD      drivers/hid/hid-logitech.o
  CC      drivers/hid/hid-magicmouse.o
  CC      lib/reciprocal_div.o
  CC      fs/nls/nls_ascii.o
  CC      lib/rwsem.o
  CC      fs/nls/nls_iso8859-1.o
  CC      lib/sha1.o
  CC      fs/nls/nls_utf8.o
  CC      drivers/hid/hid-microsoft.o
  CC      net/core/utils.o
  LD      fs/nls/built-in.o
  CC      lib/show_mem.o
  CC      fs/notify/fsnotify.o
  CC      drivers/hid/hid-monterey.o
  CC      lib/string.o
  CC      fs/notify/notification.o
  CC      drivers/hid/hid-multitouch.o
  CC      net/core/link_watch.o
  CC      lib/timerqueue.o
  CC      fs/notify/group.o
  CC      lib/vsprintf.o
  CC      drivers/hid/hid-ntrig.o
  CC      fs/notify/inode_mark.o
  CC      net/core/filter.o
  CC      fs/notify/mark.o
  CC      drivers/hid/hid-ortek.o
  CC      drivers/hid/hid-quanta.o
  CC      fs/notify/vfsmount_mark.o
  CC      net/core/flow.o
  CC      drivers/hid/hid-pl.o
  LD      fs/notify/dnotify/built-in.o
  LD      fs/notify/fanotify/built-in.o
  CC      fs/notify/inotify/inotify_fsnotify.o
  GEN     lib/crc32table.h
  AR      lib/lib.a
  CC      lib/crc32.o
  CC      net/core/net-sysfs.o
  CC      drivers/hid/hid-petalynx.o
  CC      fs/notify/inotify/inotify_user.o
  CC      drivers/hid/hid-picolcd.o
  LD      lib/built-in.o
  CC      fs/ntfs/aops.o
  LD      fs/notify/inotify/built-in.o
  LD      fs/notify/built-in.o
  CC      fs/ntfs/attrib.o
  CC      net/core/fib_rules.o
  CC      drivers/hid/hid-roccat.o
  CC      drivers/hid/hid-roccat-common.o
  CC      net/dns_resolver/dns_key.o
  CC      drivers/hid/hid-roccat-arvo.o
  CC      net/core/net-traces.o
  CC      fs/ntfs/collate.o
  CC      net/dns_resolver/dns_query.o
  CC      drivers/hid/hid-roccat-kone.o
  LD      net/dns_resolver/dns_resolver.o
  CC      fs/ntfs/compress.o
  LD      net/dns_resolver/built-in.o
  CC      drivers/hid/hid-roccat-koneplus.o
  LD      net/core/built-in.o
  CC      net/ethernet/eth.o
  CC      fs/partitions/check.o
  CC      drivers/hid/hid-roccat-kovaplus.o
  CC      fs/ntfs/debug.o
  LD      net/ethernet/built-in.o
  CC      net/ipv4/route.o
  CC      fs/ntfs/dir.o
  CC      drivers/hid/hid-roccat-pyra.o
  CC      fs/partitions/msdos.o
  CC      drivers/hid/hid-samsung.o
  CC      fs/ntfs/file.o
  CC      fs/partitions/efi.o
  CC      drivers/hid/hid-sjoy.o
  CC      drivers/hid/hid-sony.o
  LD      fs/partitions/built-in.o
  CC      net/ipv4/inetpeer.o
  CC      drivers/hid/hid-sunplus.o
  CC      drivers/hid/hid-gaff.o
  CC      drivers/hid/hid-tmff.o
  CC      fs/ntfs/index.o
  CC      net/ipv4/protocol.o
  CC      net/ipv4/ip_input.o
  CC      drivers/hid/hid-topseed.o
  CC      fs/ntfs/inode.o
  CC      fs/ntfs/mft.o
  CC      drivers/hid/hid-twinhan.o
  CC      drivers/hid/hid-uclogic.o
  CC      net/ipv4/ip_fragment.o
  CC      drivers/hid/hid-zpff.o
  CC      drivers/hid/hid-zydacron.o
  CC      net/ipv4/ip_forward.o
  CC      drivers/hid/hid-wacom.o
  CC      drivers/hid/hid-waltop.o
  CC      net/ipv4/ip_options.o
  CC      drivers/hid/usbhid/hid-core.o
  CC      fs/ntfs/mst.o
  CC      fs/ntfs/namei.o
  CC      fs/ntfs/runlist.o
  CC      fs/ntfs/super.o
  CC      net/ipv4/ip_output.o
  CC      drivers/hid/usbhid/hid-quirks.o
  LD      drivers/hid/usbhid/usbhid.o
  LD      drivers/hid/usbhid/built-in.o
  LD      drivers/hid/hid.o
  LD      drivers/hid/built-in.o
  CC      drivers/i2c/i2c-boardinfo.o
  CC      drivers/i2c/i2c-core.o
  CC      fs/ntfs/sysctl.o
  CC      fs/ntfs/unistr.o
  CC      fs/ntfs/upcase.o
  CC      fs/ntfs/bitmap.o
  CC      net/ipv4/ip_sockglue.o
  CC      fs/ntfs/lcnalloc.o
  CC      fs/ntfs/logfile.o
  CC      drivers/i2c/i2c-dev.o
  CC      fs/ntfs/quota.o
  CC      drivers/i2c/algos/i2c-algo-bit.o
  CC      net/ipv4/inet_hashtables.o
  CC      fs/ntfs/usnjrnl.o
  LD      drivers/idle/built-in.o
  LD      drivers/ieee802154/built-in.o
  CC      drivers/input/input.o
  LD      fs/ntfs/ntfs.o
  LD      fs/ntfs/built-in.o
  CC      fs/proc/mmu.o
  LD      drivers/i2c/algos/built-in.o
  CC      drivers/i2c/busses/i2c-gpio.o
  CC      fs/proc/task_mmu.o
  CC      net/ipv4/inet_timewait_sock.o
  CC      drivers/i2c/busses/i2c-omap.o
  CC      fs/proc/inode.o
  LD      drivers/i2c/busses/built-in.o
  LD      drivers/i2c/muxes/built-in.o
  LD      drivers/i2c/built-in.o
  CC      net/ipv4/inet_connection_sock.o
  CC      fs/proc/root.o
  CC      drivers/input/input-compat.o
  CC      net/ipv6/af_inet6.o
  CC      drivers/input/input-mt.o
  CC      fs/proc/base.o
  CC      drivers/input/ff-core.o
  CC      drivers/input/ff-memless.o
  CC      net/ipv4/tcp.o
  CC      drivers/input/evdev.o
  CC      net/ipv6/anycast.o
  CC      fs/proc/generic.o
  CC      drivers/input/joystick/xpad.o
  CC      net/ipv6/ip6_output.o
  CC      fs/proc/array.o
  LD      drivers/input/joystick/built-in.o
  CC      drivers/input/keyboard/omap4-keypad.o
  LD      drivers/input/keyboard/built-in.o
  CC      drivers/input/misc/gpio_event.o
  CC      net/ipv4/tcp_input.o
  CC      fs/proc/proc_tty.o
  CC      drivers/input/misc/gpio_matrix.o
  CC      fs/proc/cmdline.o
  CC      fs/proc/consoles.o
  CC      drivers/input/misc/gpio_input.o
  CC      fs/proc/cpuinfo.o
  CC      net/ipv6/ip6_input.o
  CC      fs/proc/devices.o
  CC      fs/proc/interrupts.o
  CC      drivers/input/misc/gpio_output.o
  CC      fs/proc/loadavg.o
  CC      drivers/input/misc/gpio_axis.o
  CC      net/ipv6/addrconf.o
  CC      fs/proc/meminfo.o
  CC      drivers/input/misc/keychord.o
  CC      fs/proc/stat.o
  CC      drivers/input/misc/uinput.o
  CC      fs/proc/uptime.o
  CC      fs/proc/version.o
  CC      fs/proc/softirqs.o
  CC      drivers/input/misc/gp2a.o
  CC      fs/proc/namespaces.o
  LD      drivers/input/misc/built-in.o
  CC      drivers/input/tablet/acecad.o
  CC      fs/proc/proc_sysctl.o
  CC      net/ipv4/tcp_output.o
  CC      drivers/input/tablet/aiptek.o
  CC      fs/proc/proc_net.o
  CC      net/ipv6/addrlabel.o
  CC      fs/proc/kmsg.o
  CC      fs/proc/page.o
  CC      net/ipv6/route.o
  CC      drivers/input/tablet/gtco.o
  LD      fs/proc/proc.o
  LD      fs/proc/built-in.o
  LD      fs/quota/built-in.o
  CC      fs/ramfs/inode.o
  CC      net/ipv4/tcp_timer.o
  CC      drivers/input/tablet/hanwang.o
  CC      fs/ramfs/file-mmu.o
  LD      fs/ramfs/ramfs.o
  LD      fs/ramfs/built-in.o
  CC      fs/sysfs/inode.o
  CC      drivers/input/tablet/kbtab.o
  CC      net/ipv4/tcp_ipv4.o
  CC      fs/sysfs/file.o
  CC      drivers/input/tablet/wacom_wac.o
  CC      net/ipv6/ip6_fib.o
  CC      fs/sysfs/dir.o
  CC      net/ipv6/ipv6_sockglue.o
  CC      fs/sysfs/symlink.o
  CC      fs/sysfs/mount.o
  CC      fs/sysfs/bin.o
  CC      drivers/input/tablet/wacom_sys.o
  CC      fs/sysfs/group.o
  CC      net/ipv4/tcp_minisocks.o
  CC      net/ipv6/ndisc.o
  LD      drivers/input/tablet/wacom.o
  LD      drivers/input/tablet/built-in.o
  CC      drivers/input/touchscreen/atmel_mxt_ts.o
  LD      fs/sysfs/built-in.o
  CC      fs/udf/balloc.o
  CC      drivers/input/touchscreen/mms_ts.o
  CC      net/ipv4/tcp_cong.o
  CC      fs/udf/dir.o
  LD      drivers/input/touchscreen/built-in.o
  CC      drivers/input/keyreset.o
  CC      fs/udf/file.o
  LD      drivers/input/input-core.o
  LD      drivers/input/built-in.o
  CC      drivers/input/serio/serio.o
  CC      net/ipv6/udp.o
  CC      net/ipv4/datagram.o
  CC      fs/udf/ialloc.o
  CC      net/ipv4/raw.o
  CC      fs/udf/inode.o
  CC      drivers/input/serio/serport.o
  CC      drivers/input/serio/libps2.o
  CC      net/ipv4/udp.o
  LD      drivers/input/serio/built-in.o
  LD      drivers/leds/built-in.o
  LD      drivers/lguest/built-in.o
  LD      drivers/macintosh/built-in.o
  CC      drivers/md/dm-uevent.o
  CC      net/ipv6/udplite.o
  CC      fs/udf/lowlevel.o
  CC      drivers/md/dm.o
  CC      fs/udf/namei.o
  CC      net/ipv6/raw.o
  CC      net/ipv4/udplite.o
  CC      fs/udf/partition.o
  CC      net/ipv6/protocol.o
  CC      drivers/md/dm-table.o
  CC      fs/udf/super.o
  CC      net/ipv4/arp.o
  CC      net/ipv6/icmp.o
  CC      drivers/md/dm-target.o
  CC      net/ipv6/mcast.o
  CC      net/ipv4/icmp.o
  CC      drivers/md/dm-linear.o
  CC      fs/udf/truncate.o
  CC      drivers/md/dm-stripe.o
  CC      net/ipv4/devinet.o
  CC      fs/udf/symlink.o
  CC      fs/udf/directory.o
  CC      drivers/md/dm-ioctl.o
  CC      net/ipv4/af_inet.o
  CC      fs/udf/misc.o
  CC      fs/udf/udftime.o
  CC      net/ipv6/reassembly.o
  CC      drivers/md/dm-io.o
  CC      fs/udf/unicode.o
  CC      drivers/md/dm-kcopyd.o
  CC      net/ipv4/igmp.o
  LD      fs/udf/udf.o
  LD      fs/udf/built-in.o
  CC      fs/eventpoll.o
  CC      net/ipv6/tcp_ipv6.o
  CC      drivers/md/dm-sysfs.o
  CC      drivers/md/dm-crypt.o
  CC      fs/anon_inodes.o
  CC      fs/signalfd.o
  CC      fs/timerfd.o
  CC      net/ipv4/fib_frontend.o
  CC      net/ipv6/exthdrs.o
  LD      drivers/md/dm-mod.o
  LD      drivers/md/built-in.o
  LD      drivers/media/common/tuners/built-in.o
  LD      drivers/media/common/built-in.o
  LD      drivers/media/rc/keymaps/built-in.o
  LD      drivers/media/rc/built-in.o
  LD      drivers/media/video/davinci/built-in.o
  LD      drivers/media/video/omap/built-in.o
  CC      drivers/media/video/tiler/tcm/tcm-sita.o
  CC      fs/eventfd.o
  CC      net/ipv4/fib_semantics.o
  CC      fs/aio.o
  LD      drivers/media/video/tiler/tcm/built-in.o
  CC      drivers/media/video/tiler/tiler-geom.o
  CC      net/ipv6/datagram.o
  CC      drivers/media/video/tiler/tiler-main.o
  CC      net/ipv4/fib_trie.o
  CC      net/ipv6/ip6_flowlabel.o
  CC      fs/locks.o
  CC      net/ipv6/inet6_connection_sock.o
  CC      net/ipv6/sysctl_net_ipv6.o
  CC      drivers/media/video/tiler/tiler-iface.o
  CC      net/ipv6/xfrm6_policy.o
  CC      drivers/media/video/tiler/tiler-reserve.o
  CC      fs/binfmt_script.o
  CC      net/ipv4/inet_fragment.o
  CC      drivers/media/video/tiler/tmm-pat.o
  CC      fs/binfmt_elf.o
  CC      net/ipv6/xfrm6_state.o
  CC      net/ipv4/ping.o
  CC      drivers/media/video/tiler/tiler-nv12.o
  CC      net/ipv6/xfrm6_input.o
  CC      net/ipv6/xfrm6_output.o
  CC      drivers/media/video/tiler/tiler-ioctl.o
  CC      net/ipv6/netfilter.o
  CC      net/ipv4/sysctl_net_ipv4.o
  CC      drivers/media/video/tiler/dmm.o
  CC      fs/posix_acl.o
  CC      net/ipv6/fib6_rules.o
  LD      drivers/media/video/tiler/tiler_dmm.o
  LD      drivers/media/video/tiler/tiler.o
  LD      drivers/media/video/tiler/built-in.o
  LD      drivers/media/video/built-in.o
  LD      drivers/media/built-in.o
  CC      fs/xattr_acl.o
  CC      drivers/mfd/twl-core.o
  CC      net/ipv4/sysfs_net_ipv4.o
  CC      fs/generic_acl.o
  CC      net/ipv6/proc.o
  LD      fs/built-in.o
  CC      drivers/mfd/twl4030-irq.o
  CC      net/ipv4/proc.o
  CC      net/key/af_key.o
  CC      net/ipv6/syncookies.o
  CC      drivers/mfd/twl6030-irq.o
  CC      net/ipv4/fib_rules.o
  CC      drivers/mfd/twl4030-power.o
  CC      drivers/mfd/twl6030-pwm.o
  CC      drivers/mfd/twl6030-madc.o
  CC      net/ipv6/ah6.o
  CC      drivers/mfd/twl6040-codec.o
  CC      net/ipv4/ipip.o
  CC      drivers/mfd/twl6040-irq.o
  CC      net/ipv6/esp6.o
  CC      drivers/mfd/twl6030-power.o
  CC      net/ipv4/syncookies.o
  CC      drivers/mfd/mfd-core.o
  LD      net/key/built-in.o
  CC      net/ipv4/ah4.o
  CC      net/ipv6/ipcomp6.o
  CC      drivers/mfd/omap-usb-host.o
  CC      net/ipv6/xfrm6_tunnel.o
  CC      net/llc/llc_core.o
  CC      net/ipv4/esp4.o
  LD      drivers/mfd/built-in.o
  CC      drivers/misc/bmp180.o
  CC      net/ipv6/tunnel6.o
  CC      net/llc/llc_input.o
  CC      drivers/misc/sec_jack.o
  CC      net/llc/llc_output.o
  CC      net/ipv6/xfrm6_mode_transport.o
  CC      net/ipv4/inet_lro.o
  CC      drivers/misc/uid_stat.o
  LD      net/llc/llc.o
  LD      net/llc/built-in.o
  CC      net/ipv4/tunnel4.o
  LD      drivers/misc/carma/built-in.o
  CC      net/ipv6/xfrm6_mode_tunnel.o
  LD      drivers/misc/cb710/built-in.o
  LD      drivers/misc/eeprom/built-in.o
  CC      drivers/misc/inv_mpu/mpuirq.o
  CC      net/ipv6/xfrm6_mode_beet.o
  CC      net/ipv6/mip6.o
  CC      net/ipv4/xfrm4_mode_transport.o
  CC      drivers/misc/inv_mpu/slaveirq.o
  CC      net/ipv4/xfrm4_mode_tunnel.o
  CC      drivers/misc/inv_mpu/mpu-dev.o
  LD      drivers/misc/lis3lv02d/built-in.o
  CC      drivers/misc/modem_if/modem.o
  CC      net/ipv6/netfilter/ip6_tables.o
  CC      net/ipv4/netfilter.o
  CC      drivers/misc/modem_if/modem_io_device.o
  CC      drivers/misc/inv_mpu/mlsl-kernel.o
  CC      net/ipv4/netfilter/nf_nat_rule.o
  CC      drivers/misc/inv_mpu/mldl_cfg.o
  CC      drivers/misc/modem_if/modem_net_flowcontrol_device.o
  CC      net/ipv6/netfilter/ip6table_filter.o
  CC      net/ipv4/netfilter/nf_nat_standalone.o
  CC      drivers/misc/modem_if/modem_modemctl_device_xmm6260.o
  CC      net/ipv6/netfilter/ip6table_mangle.o
  CC      drivers/misc/inv_mpu/timerirq.o
  CC      drivers/misc/modem_if/modem_link_device_mipi.o
  CC      net/ipv4/netfilter/nf_conntrack_l3proto_ipv4_compat.o
  CC      drivers/misc/inv_mpu/accel/bma250.o
  CC      net/ipv6/netfilter/ip6table_raw.o
  CC      net/ipv4/netfilter/nf_conntrack_l3proto_ipv4.o
  LD      drivers/misc/inv_mpu/accel/inv_mpu_bma250.o
  LD      drivers/misc/inv_mpu/accel/built-in.o
  CC      drivers/misc/inv_mpu/compass/yas530.o
  CC      net/ipv6/netfilter/nf_conntrack_l3proto_ipv6.o
  CC      drivers/misc/modem_if/modem_modemctl_device_cbp71.o
  CC      net/ipv4/netfilter/nf_conntrack_proto_icmp.o
  LD      drivers/misc/inv_mpu/compass/inv_mpu_yas530.o
  LD      drivers/misc/inv_mpu/compass/built-in.o
  LD      drivers/misc/inv_mpu/pressure/built-in.o
  LD      drivers/misc/inv_mpu/mpu3050.o
  LD      drivers/misc/inv_mpu/built-in.o
  CC      drivers/misc/modem_if/modem_link_device_dpram.o
  CC      net/ipv6/netfilter/nf_conntrack_proto_icmpv6.o
  CC      net/netfilter/core.o
  CC      net/ipv4/netfilter/nf_nat_core.o
  CC      net/ipv6/netfilter/nf_defrag_ipv6_hooks.o
  CC      net/netfilter/nf_log.o
  CC      drivers/misc/modem_if/modem_modemctl_device_cmc221.o
  CC      net/ipv6/netfilter/nf_conntrack_reasm.o
  CC      drivers/misc/modem_if/lte_modem_bootloader.o
  CC      net/ipv4/netfilter/nf_nat_helper.o
  CC      net/netfilter/nf_queue.o
  CC      drivers/misc/modem_if/modem_link_device_usb.o
  CC      net/ipv6/netfilter/ip6t_LOG.o
  CC      net/netfilter/nf_sockopt.o
  CC      net/ipv4/netfilter/nf_nat_proto_unknown.o
  CC      net/ipv4/netfilter/nf_nat_proto_common.o
  LD      drivers/misc/modem_if/built-in.o
  LD      drivers/misc/ti-st/built-in.o
  CC      drivers/misc/fsa9480.o
  CC      net/netfilter/nf_conntrack_core.o
  CC      net/ipv6/netfilter/ip6t_REJECT.o
  CC      net/ipv4/netfilter/nf_nat_proto_tcp.o
  CC      drivers/misc/omap_temp_sensor.o
  CC      net/ipv4/netfilter/nf_nat_proto_udp.o
  LD      net/ipv6/netfilter/nf_conntrack_ipv6.o
  LD      net/ipv6/netfilter/nf_defrag_ipv6.o
  LD      net/ipv6/netfilter/built-in.o
  CC      net/ipv6/sit.o
  CC      net/netfilter/nf_conntrack_standalone.o
  CC      drivers/misc/leds-an30259a.o
  CC      net/ipv4/netfilter/nf_nat_proto_icmp.o
  CC      net/netfilter/nf_conntrack_expect.o
  CC      drivers/misc/color_control.o
  CC      net/ipv4/netfilter/nf_defrag_ipv4.o
  CC      drivers/misc/blx.o
  CC      net/ipv6/ip6_tunnel.o
  CC      drivers/misc/custom_voltage.o
  CC      net/ipv4/netfilter/nf_nat_amanda.o
  CC      net/netfilter/nf_conntrack_helper.o
  CC      net/ipv4/netfilter/nf_nat_ftp.o
  CC      net/netfilter/nf_conntrack_proto.o
  CC      net/ipv4/netfilter/nf_nat_h323.o
  CC      drivers/misc/fsync_control.o
  CC      net/ipv6/addrconf_core.o
  CC      drivers/misc/live_oc.o
  CC      net/netfilter/nf_conntrack_l3proto_generic.o
  CC      net/ipv6/exthdrs_core.o
  CC      net/netfilter/nf_conntrack_proto_generic.o
  CC      drivers/misc/sound_control.o
  CC      net/ipv4/netfilter/nf_nat_irc.o
  CC      drivers/misc/temp_control.o
  CC      net/netfilter/nf_conntrack_proto_tcp.o
  CC      net/ipv6/inet6_hashtables.o
  CC      drivers/misc/touch_wake.o
  CC      net/ipv4/netfilter/nf_nat_pptp.o
  LD      drivers/misc/built-in.o
  CC      drivers/mmc/card/block.o
  LD      net/ipv6/ipv6.o
  LD      net/ipv6/built-in.o
  CC      drivers/mtd/mtdcore.o
  CC      net/ipv4/netfilter/nf_nat_tftp.o
  CC      net/netfilter/nf_conntrack_proto_udp.o
  CC      net/ipv4/netfilter/nf_nat_proto_dccp.o
  CC      drivers/mmc/card/queue.o
  CC      drivers/mtd/mtdsuper.o
  CC      net/netfilter/nf_conntrack_extend.o
  CC      drivers/mtd/mtdconcat.o
  CC      net/ipv4/netfilter/nf_nat_proto_gre.o
  LD      drivers/mmc/card/mmc_block.o
  LD      drivers/mmc/card/built-in.o
  CC      drivers/mmc/core/core.o
  CC      net/netfilter/nf_conntrack_acct.o
  CC      net/ipv4/netfilter/nf_nat_proto_udplite.o
  CC      net/netfilter/nf_conntrack_ecache.o
  CC      drivers/mtd/mtdpart.o
  CC      net/ipv4/netfilter/nf_nat_proto_sctp.o
  CC      net/netfilter/nf_conntrack_h323_main.o
  CC      drivers/mtd/mtdchar.o
  CC      drivers/mmc/core/bus.o
  CC      net/ipv4/netfilter/ip_tables.o
  CC      drivers/mmc/core/host.o
  CC      drivers/mtd/mtd_blkdevs.o
  CC      drivers/mmc/core/mmc.o
  CC      net/netfilter/nf_conntrack_h323_asn1.o
  CC      drivers/mtd/mtdblock.o
  CC      net/ipv4/netfilter/iptable_filter.o
  CC      drivers/mmc/core/mmc_ops.o
  CC      net/netfilter/nfnetlink.o
  CC      drivers/mtd/chips/chipreg.o
  CC      net/netfilter/nfnetlink_queue.o
  CC      net/ipv4/netfilter/iptable_mangle.o
  LD      drivers/mtd/chips/built-in.o
  CC      drivers/mtd/devices/m25p80.o
  CC      drivers/mmc/core/sd.o
  LD      net/ipv4/netfilter/iptable_nat.o
  CC      net/ipv4/netfilter/iptable_raw.o
  LD      drivers/mtd/devices/built-in.o
  LD      drivers/mtd/lpddr/built-in.o
  LD      drivers/mtd/maps/built-in.o
  CC      net/netfilter/nfnetlink_log.o
  CC      drivers/mtd/nand/nand_ids.o
  CC      drivers/mmc/core/sd_ops.o
  LD      drivers/mtd/nand/built-in.o
  CC      drivers/mtd/onenand/onenand_base.o
  CC      net/ipv4/netfilter/ipt_ah.o
  CC      drivers/mmc/core/sdio.o
  CC      net/ipv4/netfilter/ipt_ecn.o
  LD      net/netfilter/nf_conntrack.o
  CC      net/netfilter/nf_conntrack_proto_dccp.o
  CC      net/ipv4/netfilter/ipt_LOG.o
  CC      drivers/mmc/core/sdio_ops.o
  CC      drivers/mmc/core/sdio_bus.o
  CC      net/netfilter/nf_conntrack_proto_gre.o
  CC      net/ipv4/netfilter/ipt_MASQUERADE.o
  CC      drivers/mmc/core/sdio_cis.o
  CC      drivers/mtd/onenand/onenand_bbt.o
  CC      net/netfilter/nf_conntrack_proto_sctp.o
  LD      drivers/mtd/onenand/onenand.o
  LD      drivers/mtd/onenand/built-in.o
  LD      drivers/mtd/tests/built-in.o
  LD      drivers/mtd/mtd.o
  CC      drivers/mmc/core/sdio_io.o
  LD      drivers/mtd/built-in.o
  CC      drivers/mmc/host/omap.o
  CC      net/ipv4/netfilter/ipt_NETMAP.o
  CC      net/ipv4/netfilter/ipt_REDIRECT.o
  CC      net/netfilter/nf_conntrack_proto_udplite.o
  CC      drivers/mmc/core/sdio_irq.o
  CC      drivers/mmc/core/quirks.o
  CC      drivers/mmc/host/omap_hsmmc.o
  CC      net/ipv4/netfilter/ipt_REJECT.o
  CC      net/netfilter/nf_conntrack_netlink.o
  CC      drivers/mmc/core/debugfs.o
  CC      net/ipv4/netfilter/arp_tables.o
  LD      drivers/mmc/core/mmc_core.o
  LD      drivers/mmc/core/built-in.o
  CC      net/netfilter/nf_conntrack_amanda.o
  LD      drivers/mmc/host/built-in.o
  LD      drivers/mmc/built-in.o
  CC      drivers/net/mii.o
  LD      drivers/nfc/built-in.o
  CC      net/ipv4/inet_diag.o
  CC      net/netfilter/nf_conntrack_ftp.o
  CC      net/ipv4/netfilter/arpt_mangle.o
  CC      drivers/net/Space.o
  CC      net/ipv4/netfilter/arptable_filter.o
  CC      drivers/net/loopback.o
  LD      net/netfilter/nf_conntrack_h323.o
  CC      net/netfilter/nf_conntrack_irc.o
  CC      net/netlink/af_netlink.o
  LD      net/ipv4/netfilter/nf_conntrack_ipv4.o
  LD      net/ipv4/netfilter/nf_nat.o
  LD      net/ipv4/netfilter/built-in.o
  CC      net/ipv4/tcp_diag.o
  CC      drivers/net/ppp_generic.o
  CC      net/netfilter/nf_conntrack_broadcast.o
  CC      net/ipv4/tcp_bic.o
  CC      net/netfilter/nf_conntrack_netbios_ns.o
  CC      net/ipv4/tcp_cubic.o
  CC      net/netfilter/nf_conntrack_pptp.o
  CC      net/netlink/genetlink.o
  CC      drivers/net/ppp_deflate.o
  CC      net/ipv4/tcp_westwood.o
  CC      net/netfilter/nf_conntrack_sane.o
  CC      drivers/net/bsd_comp.o
  CC      net/ipv4/tcp_highspeed.o
  LD      net/netlink/built-in.o
  CC      net/ipv4/tcp_hybla.o
  CC      net/netfilter/nf_conntrack_tftp.o
  CC      drivers/net/ppp_mppe.o
  CC      net/netfilter/nf_tproxy_core.o
  CC      net/ipv4/tcp_htcp.o
  CC      drivers/net/pppox.o
  CC      drivers/omap_hsi/hsi_driver.o
  CC      net/netfilter/x_tables.o
  CC      net/ipv4/tcp_vegas.o
  CC      drivers/net/pppolac.o
  CC      drivers/omap_hsi/hsi_driver_dma.o
  CC      net/ipv4/tcp_veno.o
  CC      drivers/net/pppopns.o
  CC      net/netfilter/xt_tcpudp.o
  CC      drivers/omap_hsi/hsi_driver_int.o
  CC      net/ipv4/tcp_scalable.o
  CC      drivers/net/slhc.o
  CC      net/netfilter/xt_mark.o
  CC      net/ipv4/tcp_lp.o
  CC      drivers/omap_hsi/hsi_driver_if.o
  CC      net/netfilter/xt_connmark.o
  CC      drivers/net/ifb.o
  CC      net/ipv4/tcp_yeah.o
  CC      net/netfilter/xt_CLASSIFY.o
  CC      drivers/omap_hsi/hsi_driver_bus.o
  CC      drivers/net/tun.o
  CC      net/netfilter/xt_NFLOG.o
  CC      drivers/omap_hsi/hsi_driver_gpio.o
  CC      net/ipv4/tcp_illinois.o
  CC      drivers/omap_hsi/hsi_driver_fifo.o
  CC      drivers/omap_hsi/hsi_driver_debugfs.o
  CC      net/netfilter/xt_NFQUEUE.o
  LD      drivers/omap_hsi/omap_hsi.o
  LD      drivers/omap_hsi/built-in.o
  LD      drivers/platform/built-in.o
  CC      net/ipv4/xfrm4_policy.o
  CC      net/netfilter/xt_TPROXY.o
  CC      net/packet/af_packet.o
  LD      drivers/net/arm/built-in.o
  CC      drivers/net/usb/asix.o
  CC      net/ipv4/xfrm4_state.o
  CC      net/netfilter/xt_TRACE.o
  CC      net/netfilter/xt_IDLETIMER.o
  CC      net/ipv4/xfrm4_input.o
  CC      drivers/net/usb/cdc_ether.o
  CC      net/netfilter/xt_comment.o
  CC      net/ipv4/xfrm4_output.o
  CC      net/netfilter/xt_connbytes.o
  LD      net/packet/built-in.o
  CC      drivers/net/usb/net1080.o
  CC      drivers/net/wireless/bcmdhd/aiutils.o
  CC      net/netfilter/xt_connlimit.o
  LD      net/ipv4/built-in.o
  CC      drivers/power/power_supply_core.o
  CC      drivers/net/usb/cdc_subset.o
  CC      drivers/power/power_supply_sysfs.o
  CC      drivers/net/wireless/bcmdhd/bcmsdh_sdmmc_linux.o
  CC      net/netfilter/xt_conntrack.o
  CC      drivers/net/usb/zaurus.o
  CC      drivers/power/pda_power.o
  CC      drivers/net/wireless/bcmdhd/dhd_linux.o
  CC      drivers/power/max17040_battery.o
  CC      drivers/net/usb/usbnet.o
  CC      net/netfilter/xt_hashlimit.o
  LD      drivers/power/power_supply.o
  LD      drivers/power/built-in.o
  CC      net/netfilter/xt_helper.o
  CC      drivers/net/usb/cdc_ncm.o
  CC      net/netfilter/xt_hl.o
  CC      drivers/net/wireless/bcmdhd/siutils.o
  CC      net/netfilter/xt_iprange.o
  LD      drivers/net/usb/built-in.o
  CC      drivers/regulator/core.o
  CC      drivers/remoteproc/remoteproc.o
  CC      net/netfilter/xt_length.o
  CC      net/netfilter/xt_limit.o
  CC      drivers/net/wireless/bcmdhd/bcmutils.o
  CC      net/netfilter/xt_mac.o
  CC      drivers/remoteproc/omap_remoteproc.o
  CC      net/netfilter/xt_pkttype.o
  CC      drivers/regulator/dummy.o
  CC      drivers/remoteproc/rpres.o
  CC      drivers/net/wireless/bcmdhd/dhd_linux_sched.o
  CC      net/netfilter/xt_policy.o
  CC      drivers/regulator/fixed.o
  CC      drivers/remoteproc/rpres_dev.o
  CC      drivers/net/wireless/bcmdhd/bcmwifi.o
  CC      drivers/regulator/twl-regulator.o
  LD      drivers/remoteproc/built-in.o
  CC      net/netfilter/xt_qtaguid_print.o
  CC      drivers/net/wireless/bcmdhd/dhd_sdio.o
  CC      net/phonet/pn_dev.o
  CC      net/netfilter/xt_qtaguid.o
  LD      drivers/regulator/built-in.o
  CC      net/rfkill/core.o
  CC      net/phonet/pn_netlink.o
  CC      net/rfkill/input.o
  LD      net/rfkill/rfkill.o
  LD      net/rfkill/built-in.o
  CC      drivers/net/wireless/bcmdhd/bcmevent.o
  CC      net/phonet/socket.o
  CC      drivers/net/wireless/bcmdhd/dhd_bta.o
  CC      net/netfilter/xt_quota.o
  CC      net/phonet/datagram.o
  CC      drivers/net/wireless/bcmdhd/hndpmu.o
  CC      net/netfilter/xt_quota2.o
  CC      net/phonet/sysctl.o
  CC      drivers/net/wireless/bcmdhd/bcmsdh.o
  CC      net/phonet/af_phonet.o
  CC      net/netfilter/xt_socket.o
  CC      drivers/net/wireless/bcmdhd/dhd_cdc.o
  CC      net/netfilter/xt_state.o
  CC      net/phonet/pep.o
  CC      drivers/net/wireless/bcmdhd/bcmsdh_linux.o
  CC      net/netfilter/xt_statistic.o
  CC      drivers/rpmsg/virtio_rpmsg_bus.o
  CC      net/netfilter/xt_string.o
  CC      drivers/net/wireless/bcmdhd/dhd_common.o
  CC      drivers/rpmsg/rpmsg_omx.o
  CC      net/phonet/pep-gprs.o
  CC      net/netfilter/xt_time.o
  CC      net/netfilter/xt_u32.o
  LD      net/phonet/phonet.o
  LD      net/phonet/pn_pep.o
  LD      net/phonet/built-in.o
  CC      net/sched/sch_generic.o
  CC      drivers/rpmsg/rpmsg_resmgr.o
  LD      net/netfilter/netfilter.o
  LD      net/netfilter/built-in.o
  CC      net/sched/sch_mq.o
  CC      drivers/net/wireless/bcmdhd/linux_osl.o
  CC      net/sched/sch_api.o
  LD      drivers/rpmsg/built-in.o
  CC      drivers/rtc/rtc-lib.o
  CC      net/sched/sch_blackhole.o
  CC      drivers/rtc/hctosys.o
  CC      net/sched/cls_api.o
  CC      drivers/rtc/class.o
  CC      drivers/net/wireless/bcmdhd/bcmsdh_sdmmc.o
  CC      drivers/rtc/interface.o
  CC      net/sched/act_api.o
  CC      net/sched/act_police.o
  CC      drivers/rtc/rtc-dev.o
  CC      drivers/net/wireless/bcmdhd/dhd_custom_gpio.o
  CC      drivers/rtc/rtc-proc.o
  CC      net/sched/act_gact.o
  CC      drivers/net/wireless/bcmdhd/sbutils.o
  CC      drivers/rtc/rtc-sysfs.o
  CC      net/sched/act_mirred.o
  CC      net/sched/sch_fifo.o
  CC      net/sched/sch_htb.o
  CC      drivers/rtc/alarm.o
  CC      drivers/net/wireless/bcmdhd/wldev_common.o
  CC      net/sched/sch_ingress.o
  CC      drivers/rtc/alarm-dev.o
  CC      drivers/net/wireless/bcmdhd/wl_android.o
  CC      net/sched/cls_u32.o
  CC      drivers/rtc/rtc-twl.o
  CC      net/sched/ematch.o
  LD      drivers/rtc/rtc-core.o
  LD      drivers/rtc/built-in.o
  CC      drivers/scsi/scsi.o
  CC      net/sched/em_u32.o
  CC      drivers/net/wireless/bcmdhd/dhd_cfg80211.o
  CC      drivers/net/wireless/bcmdhd/wl_cfg80211.o
  LD      net/sched/built-in.o
  CC      net/sunrpc/clnt.o
  CC      drivers/net/wireless/bcmdhd/wl_cfgp2p.o
  CC      drivers/scsi/hosts.o
  CC      drivers/scsi/scsi_ioctl.o
  CC      net/sunrpc/xprt.o
  CC      drivers/scsi/constants.o
  CC      drivers/scsi/scsicam.o
  CC      drivers/net/wireless/bcmdhd/wl_linux_mon.o
  CC      net/sunrpc/socklib.o
  CC      drivers/scsi/scsi_error.o
  CC      drivers/scsi/scsi_lib.o
  CC      net/sunrpc/xprtsock.o
  CC      drivers/scsi/scsi_lib_dma.o
  CC      drivers/scsi/scsi_scan.o
  CC      drivers/scsi/scsi_sysfs.o
  CC      net/sunrpc/sched.o
  CC      drivers/scsi/scsi_devinfo.o
  CC      drivers/scsi/scsi_sysctl.o
  LD      drivers/net/wireless/bcmdhd/bcmdhd.o
  LD      drivers/net/wireless/bcmdhd/built-in.o
  LD      drivers/net/wireless/built-in.o
  LD      drivers/net/built-in.o
  CC      drivers/spi/spi.o
  CC      drivers/scsi/scsi_proc.o
  CC      net/sunrpc/auth.o
  CC      drivers/scsi/scsi_trace.o
  CC      drivers/scsi/scsi_pm.o
  CC      drivers/spi/omap2_mcspi.o
  CC      drivers/scsi/sd.o
  LD      drivers/scsi/arm/built-in.o
  CC      drivers/scsi/sg.o
  CC      net/sunrpc/auth_null.o
  LD      drivers/spi/built-in.o
  CC      drivers/staging/staging.o
  CC      drivers/staging/android/binder.o
  CC      net/sunrpc/auth_unix.o
  CC      net/sunrpc/auth_generic.o
  CC      net/sunrpc/svc.o
  LD      drivers/scsi/scsi_mod.o
  CC      net/sunrpc/svcsock.o
  LD      drivers/scsi/sd_mod.o
  LD      drivers/scsi/built-in.o
  CC      drivers/switch/switch_class.o
  CC      drivers/switch/switch_gpio.o
  LD      drivers/switch/built-in.o
  CC      drivers/tty/tty_io.o
  CC      net/sunrpc/svcauth.o
  CC      net/sunrpc/svcauth_unix.o
  CC      net/sunrpc/addr.o
  CC      drivers/staging/android/logger.o
  CC      net/sunrpc/rpcb_clnt.o
  CC      drivers/staging/android/ram_console.o
  CC      drivers/tty/n_tty.o
  CC      net/sunrpc/timer.o
  CC      drivers/staging/android/timed_output.o
  CC      net/sunrpc/xdr.o
  CC      drivers/staging/android/timed_gpio.o
  CC      drivers/staging/android/lowmemorykiller.o
  CC      net/unix/af_unix.o
  LD      drivers/staging/android/built-in.o
  LD      drivers/staging/generic_serial/built-in.o
  CC      drivers/staging/snappy/csnappy_compress.o
  CC      drivers/tty/tty_ioctl.o
  CC      net/sunrpc/sunrpc_syms.o
  CC      drivers/staging/snappy/csnappy_decompress.o
  CC      drivers/tty/tty_ldisc.o
  CC      net/sunrpc/cache.o
  LD      drivers/staging/snappy/built-in.o
  LD      drivers/staging/tty/built-in.o
  CC      drivers/staging/zcache/zcache-main.o
  CC      drivers/tty/tty_buffer.o
  CC      net/unix/garbage.o
  CC      drivers/tty/tty_port.o
  CC      net/unix/sysctl_net_unix.o
  CC      net/sunrpc/rpc_pipe.o
  CC      drivers/staging/zcache/tmem.o
  CC      drivers/tty/tty_mutex.o
  LD      net/unix/unix.o
  LD      net/unix/built-in.o
  CC      drivers/tty/pty.o
  CC      drivers/staging/zram/zram_drv.o
  LD      drivers/staging/zcache/zcache.o
  LD      drivers/staging/zcache/built-in.o
  CC      drivers/staging/zram/zram_sysfs.o
  CC      net/sunrpc/svc_xprt.o
  CC      drivers/tty/sysrq.o
  CC      drivers/usb/class/cdc-acm.o
  CC      drivers/staging/zram/xvmalloc.o
  LD      drivers/tty/ipwireless/built-in.o
  CC      drivers/tty/serial/serial_core.o
  LD      drivers/staging/zram/zram.o
  LD      drivers/staging/zram/built-in.o
  LD      drivers/staging/built-in.o
  LD      drivers/tty/vt/built-in.o
  CC      net/sunrpc/backchannel_rqst.o
  CC      drivers/video/fb_notify.o
  LD      drivers/usb/class/built-in.o
  CC      drivers/usb/core/usb.o
  CC      drivers/video/fbmem.o
  CC      net/sunrpc/bc_svc.o
  CC      net/sunrpc/stats.o
  CC      drivers/usb/core/hub.o
  CC      drivers/tty/serial/omap-serial.o
  CC      net/sunrpc/sysctl.o
  CC      drivers/video/fbmon.o
  CC      net/sunrpc/auth_gss/auth_gss.o
  CC      drivers/video/fbcmap.o
  LD      drivers/tty/serial/built-in.o
  LD      drivers/tty/built-in.o
  CC      drivers/usb/core/hcd.o
  CC      drivers/video/fbsysfs.o
  CC      net/sunrpc/auth_gss/gss_generic_token.o
  CC      net/sunrpc/auth_gss/gss_mech_switch.o
  CC      drivers/usb/core/urb.o
  CC      drivers/video/modedb.o
  CC      drivers/usb/gadget/android.o
  CC      net/sunrpc/auth_gss/svcauth_gss.o
  CC      drivers/video/fbcvt.o
  CC      drivers/usb/core/message.o
  CC      drivers/video/backlight/backlight.o
  CC      drivers/video/backlight/generic_bl.o
  CC      drivers/usb/core/driver.o
  LD      net/sunrpc/auth_gss/auth_rpcgss.o
  LD      net/sunrpc/auth_gss/built-in.o
  LD      net/sunrpc/sunrpc.o
  LD      net/sunrpc/built-in.o
  CC      net/wireless/core.o
  LD      drivers/video/backlight/built-in.o
  CC      drivers/video/display/display-sysfs.o
  LD      drivers/video/display/display.o
  LD      drivers/video/display/built-in.o
  CC      drivers/video/omap2/vram.o
  CC      drivers/usb/core/config.o
  CC      drivers/video/omap2/displays/panel-s6e8aa0.o
  CC      net/wireless/sysfs.o
  CC      drivers/usb/core/file.o
  CC      net/wireless/radiotap.o
  CC      drivers/usb/core/buffer.o
  CC      net/wireless/util.o
  CC      drivers/usb/core/sysfs.o
  LD      drivers/video/omap2/displays/built-in.o
  CC      drivers/video/omap2/dss/core.o
  CC      drivers/video/omap2/dss/dss.o
  CC      drivers/usb/core/endpoint.o
  CC      net/wireless/reg.o
  CC      drivers/usb/core/devio.o
  CC      drivers/video/omap2/dss/dss_features.o
  CC      drivers/video/omap2/dss/dispc.o
  CC      net/wireless/scan.o
  CC      drivers/usb/core/notify.o
  CC      drivers/usb/core/generic.o
  LD      drivers/usb/gadget/g_android.o
  LD      drivers/usb/gadget/built-in.o
  CC      net/wireless/nl80211.o
  CC      drivers/video/omap2/dsscomp/device.o
  CC      drivers/usb/core/quirks.o
  CC      drivers/usb/core/devices.o
  CC      drivers/video/omap2/dsscomp/base.o
  CC      drivers/usb/core/inode.o
  CC      drivers/video/omap2/dsscomp/queue.o
  LD      drivers/usb/core/usbcore.o
  LD      drivers/usb/core/built-in.o
  CC      drivers/usb/host/ehci-hcd.o
  CC      drivers/video/omap2/dss/display.o
  CC      drivers/video/omap2/dsscomp/gralloc.o
  CC      drivers/video/omap2/dss/manager.o
  LD      drivers/video/omap2/dsscomp/dsscomp.o
  LD      drivers/video/omap2/dsscomp/built-in.o
  CC      drivers/video/omap2/hdcp/hdcp_top.o
  CC      drivers/video/omap2/hdcp/hdcp_lib.o
  CC      drivers/video/omap2/dss/overlay.o
  CC      drivers/video/omap2/hdcp/hdcp_ddc.o
  LD      drivers/video/omap2/hdcp/hdcp.o
  LD      drivers/video/omap2/hdcp/built-in.o
  CC      drivers/video/omap2/omapfb/omapfb-main.o
  CC      net/wireless/mlme.o
  CC      drivers/video/omap2/dss/fifothreshold.o
  CC      drivers/video/omap2/dss/dsi.o
  LD      drivers/usb/host/built-in.o
  LD      drivers/usb/misc/built-in.o
  CC      drivers/usb/musb/musb_core.o
  CC      net/wireless/ibss.o
  CC      drivers/video/omap2/omapfb/omapfb-sysfs.o
  CC      net/wireless/sme.o
  CC      drivers/usb/musb/musb_gadget_ep0.o
  CC      drivers/video/omap2/omapfb/omapfb-ioctl.o
  CC      net/wireless/chan.o
  CC      drivers/usb/musb/musb_gadget.o
  CC      net/wireless/ethtool.o
  LD      drivers/video/omap2/omapfb/omapfb.o
  LD      drivers/video/omap2/omapfb/built-in.o
  CC      net/wireless/mesh.o
  CC      drivers/virtio/virtio.o
  LD      net/wireless/cfg80211.o
  LD      net/wireless/built-in.o
  CC      drivers/video/omap2/dss/hdmi.o
  CC      net/xfrm/xfrm_policy.o
  CC      drivers/usb/musb/musb_virthub.o
  CC      drivers/virtio/virtio_ring.o
  CC      drivers/usb/musb/musb_host.o
  CC      drivers/video/omap2/dss/hdmi_panel.o
  LD      drivers/virtio/built-in.o
  CC      drivers/watchdog/omap_wdt.o
  LD      drivers/video/omap2/dss/omapdss.o
  LD      drivers/video/omap2/dss/built-in.o
  LD      drivers/video/omap2/built-in.o
  CC      drivers/video/cfbfillrect.o
  CC      drivers/usb/musb/musb_debugfs.o
  LD      drivers/watchdog/built-in.o
  CC      net/sysctl_net.o
  CC      drivers/video/cfbcopyarea.o
  CC      drivers/usb/musb/musbhsdma.o
  CC      net/activity_stats.o
  CC      net/xfrm/xfrm_state.o
  CC      drivers/video/cfbimgblt.o
  CC      drivers/usb/musb/omap2430.o
  CC      drivers/video/hdmi_ti_4xxx_ip.o
  CC      drivers/usb/otg/otg.o
  LD      drivers/usb/musb/musb_hdrc.o
  LD      drivers/usb/musb/built-in.o
  CC      net/xfrm/xfrm_hash.o
  CC      drivers/usb/otg/otg-wakelock.o
  CC      drivers/video/sii9234.o
  CC      drivers/usb/otg/otg_id.o
  CC      drivers/usb/otg/twl6030-usb.o
  CC      net/xfrm/xfrm_input.o
  LD      drivers/usb/otg/built-in.o
  CC      drivers/usb/serial/usb-serial.o
  CC      drivers/usb/storage/scsiglue.o
  LD      drivers/video/fb.o
  LD      drivers/video/built-in.o
  CC      drivers/usb/storage/protocol.o
  CC      net/xfrm/xfrm_output.o
  CC      drivers/usb/storage/transport.o
  CC      drivers/usb/storage/usb.o
  CC      drivers/usb/serial/generic.o
  CC      net/xfrm/xfrm_algo.o
  CC      net/xfrm/xfrm_sysctl.o
  CC      drivers/usb/storage/initializers.o
  CC      drivers/usb/storage/sierra_ms.o
  CC      drivers/usb/serial/bus.o
  CC      net/xfrm/xfrm_replay.o
  CC      drivers/usb/serial/ftdi_sio.o
  CC      drivers/usb/storage/option_ms.o
  CC      drivers/usb/storage/usual-tables.o
  CC      net/xfrm/xfrm_user.o
  CC      net/xfrm/xfrm_ipcomp.o
  LD      drivers/usb/storage/usb-storage.o
  LD      drivers/usb/storage/built-in.o
  CC      drivers/usb/serial/pl2303.o
  LD      drivers/usb/serial/usbserial.o
  LD      drivers/usb/serial/built-in.o
  LD      drivers/usb/built-in.o
  LD      drivers/built-in.o
  LD      net/xfrm/built-in.o
  LD      net/built-in.o
  LD      vmlinux.o
  MODPOST vmlinux.o
  GEN     .version
  CHK     include/generated/compile.h
  UPD     include/generated/compile.h
  CC      init/version.o
  LD      init/built-in.o
  LD      vmlinux
  SYSMAP  System.map
  OBJCOPY arch/arm/boot/Image
  Kernel: arch/arm/boot/Image is ready
  CC      arch/arm/boot/compressed/misc.o
  CC      arch/arm/boot/compressed/decompress.o
  AS      arch/arm/boot/compressed/head.o
  XZKERN  arch/arm/boot/compressed/piggy.xzkern
  SHIPPED arch/arm/boot/compressed/lib1funcs.S
  SHIPPED arch/arm/boot/compressed/ashldi3.S
  AS      arch/arm/boot/compressed/lib1funcs.o
  AS      arch/arm/boot/compressed/ashldi3.o
  AS      arch/arm/boot/compressed/piggy.xzkern.o
  LD      arch/arm/boot/compressed/vmlinux
  OBJCOPY arch/arm/boot/zImage
  Kernel: arch/arm/boot/zImage is ready
"arch/arm/boot/zImage" -> "../AK-ramdisk/zImage"

repacked boot image written at ramdisk-4.2/-repack.img
"boot.img" -> "cwm/boot.img"
  adding: boot.img (deflated 0%)
  adding: cleaner/ (stored 0%)
  adding: cleaner/cleaner.sh (deflated 67%)
  adding: data/ (stored 0%)
  adding: data/ak/ (stored 0%)
  adding: data/ak/sysctl.conf (deflated 45%)
  adding: META-INF/ (stored 0%)
  adding: META-INF/com/ (stored 0%)
  adding: META-INF/com/google/ (stored 0%)
  adding: META-INF/com/google/android/ (stored 0%)
  adding: META-INF/com/google/android/update-binary (deflated 34%)
  adding: META-INF/com/google/android/updater-script (deflated 66%)
  adding: system/ (stored 0%)
  adding: system/bin/ (stored 0%)
  adding: system/bin/set_sysctl (deflated 5%)
  adding: system/lib/ (stored 0%)
  adding: system/lib/modules/ (stored 0%)
  adding: system/lib/modules/scsi_wait_scan.ko (deflated 64%)
  adding: system/lib/modules/rpmsg_server_sample.ko (deflated 64%)
  adding: system/lib/modules/ansi_cprng.ko (deflated 57%)
  adding: system/lib/modules/rpmsg_client_sample.ko (deflated 64%)
"ak.test.42.berserk.zip" -> "/home/anarkia/Scrivania//AK-Kernel/ak.test.42.berserk.zip"
.
..
... Compile Complite ! ... ak.test.42.berserk.zip
..
.

Build completed in 4 minute(s) and 59 seconds.

